{"Contracts\\DynamicValidatorRegistry.sol":{"l":{"70":1,"71":1,"72":1,"73":1,"74":1,"78":112,"79":111,"80":110,"82":109,"84":109,"86":109,"87":109,"88":109,"89":109,"91":109,"93":109,"94":109,"96":109,"100":3,"101":3,"102":3,"104":2,"105":2,"106":2,"107":2,"109":2,"111":2,"113":2,"114":2,"118":6,"119":6,"121":6,"122":6,"124":6,"125":3,"126":3,"128":3,"129":3,"130":2,"134":6,"136":6,"140":32,"141":32,"143":31,"144":31,"146":31,"147":31,"148":31,"149":31,"150":31,"151":31,"153":31,"155":31,"161":2,"162":2,"163":2,"165":2,"171":2,"172":2,"181":2,"182":0,"188":5,"189":3,"190":2,"194":6,"195":5,"196":3,"200":5,"201":11,"202":5,"203":5,"204":5,"210":3,"211":2,"215":148,"216":148,"217":148},"path":"D:\\Compensation-chamber\\Contracts\\DynamicValidatorRegistry.sol","s":{"1":1,"2":1,"3":1,"4":112,"5":111,"6":110,"7":109,"8":109,"9":109,"10":109,"11":109,"12":109,"13":109,"14":3,"15":3,"16":3,"17":2,"18":2,"19":2,"20":2,"21":2,"22":6,"23":6,"24":6,"25":6,"26":3,"27":3,"28":3,"29":2,"30":6,"31":6,"32":32,"33":32,"34":31,"35":31,"36":31,"37":31,"38":11,"39":2,"40":2,"41":2,"42":0,"43":2,"44":2,"45":17,"46":0,"47":2,"48":6,"49":2,"50":0,"51":2,"52":5,"53":3,"54":6,"55":5,"56":5,"57":11,"58":5,"59":3,"60":7,"61":1,"62":2,"63":148,"64":148,"65":148},"b":{"1":[1,0],"2":[112,1],"3":[111,1],"4":[110,1],"5":[109,1],"6":[3,0],"7":[3,0],"8":[2,1],"9":[6,0],"10":[6,0],"11":[3,3],"12":[3,0],"13":[2,1],"14":[32,0],"15":[32,0],"16":[31,1],"17":[0,2],"18":[5,0],"19":[3,2],"20":[2,1],"21":[6,0],"22":[5,1],"23":[3,2],"24":[5,6],"25":[1,6],"26":[1,1]},"f":{"1":1,"2":1,"3":112,"4":3,"5":6,"6":32,"7":11,"8":2,"9":0,"10":2,"11":17,"12":0,"13":2,"14":6,"15":2,"16":2,"17":5,"18":6,"19":5,"20":3,"21":148,"22":1},"fnMap":{"1":{"name":"constructor","line":67,"loc":{"start":{"line":67,"column":4},"end":{"line":67,"column":42}}},"2":{"name":"initialize","line":69,"loc":{"start":{"line":69,"column":5},"end":{"line":75,"column":4}}},"3":{"name":"addValidator","line":77,"loc":{"start":{"line":77,"column":4},"end":{"line":97,"column":4}}},"4":{"name":"removeValidator","line":99,"loc":{"start":{"line":99,"column":4},"end":{"line":115,"column":4}}},"5":{"name":"updateValidatorStatus","line":117,"loc":{"start":{"line":117,"column":4},"end":{"line":137,"column":4}}},"6":{"name":"setActionThreshold","line":139,"loc":{"start":{"line":139,"column":4},"end":{"line":156,"column":4}}},"7":{"name":"getActiveValidators","line":158,"loc":{"start":{"line":158,"column":4},"end":{"line":158,"column":101}}},"8":{"name":"getAllValidators","line":160,"loc":{"start":{"line":160,"column":4},"end":{"line":166,"column":4}}},"9":{"name":"getValidator","line":168,"loc":{"start":{"line":168,"column":4},"end":{"line":168,"column":120}}},"10":{"name":"getValidatorByWallet","line":170,"loc":{"start":{"line":170,"column":4},"end":{"line":173,"column":4}}},"11":{"name":"getRequiredSignatures","line":175,"loc":{"start":{"line":175,"column":4},"end":{"line":175,"column":144}}},"12":{"name":"getActionThreshold","line":176,"loc":{"start":{"line":176,"column":4},"end":{"line":176,"column":139}}},"13":{"name":"getValidatorCount","line":177,"loc":{"start":{"line":177,"column":4},"end":{"line":177,"column":93}}},"14":{"name":"getActiveValidatorCount","line":178,"loc":{"start":{"line":178,"column":4},"end":{"line":178,"column":103}}},"15":{"name":"getConfigurationSnapshot","line":180,"loc":{"start":{"line":180,"column":4},"end":{"line":183,"column":4}}},"16":{"name":"getConfigurationHistory","line":185,"loc":{"start":{"line":185,"column":4},"end":{"line":185,"column":123}}},"17":{"name":"setMinValidators","line":187,"loc":{"start":{"line":187,"column":4},"end":{"line":191,"column":4}}},"18":{"name":"setMaxValidators","line":193,"loc":{"start":{"line":193,"column":4},"end":{"line":197,"column":4}}},"19":{"name":"_removeFromActiveList","line":199,"loc":{"start":{"line":199,"column":4},"end":{"line":207,"column":4}}},"20":{"name":"_isInActiveList","line":209,"loc":{"start":{"line":209,"column":4},"end":{"line":212,"column":4}}},"21":{"name":"_createSnapshot","line":214,"loc":{"start":{"line":214,"column":4},"end":{"line":218,"column":4}}},"22":{"name":"_authorizeUpgrade","line":220,"loc":{"start":{"line":220,"column":4},"end":{"line":220,"column":87}}}},"statementMap":{"1":{"start":{"line":67,"column":19},"end":{"line":67,"column":40}},"2":{"start":{"line":70,"column":8},"end":{"line":70,"column":28}},"3":{"start":{"line":71,"column":8},"end":{"line":71,"column":28}},"4":{"start":{"line":78,"column":8},"end":{"line":78,"column":54}},"5":{"start":{"line":79,"column":8},"end":{"line":79,"column":77}},"6":{"start":{"line":80,"column":8},"end":{"line":80,"column":85}},"7":{"start":{"line":82,"column":8},"end":{"line":82,"column":82}},"8":{"start":{"line":86,"column":8},"end":{"line":86,"column":37}},"9":{"start":{"line":89,"column":8},"end":{"line":89,"column":36}},"10":{"start":{"line":91,"column":8},"end":{"line":91,"column":24}},"11":{"start":{"line":93,"column":8},"end":{"line":93,"column":60}},"12":{"start":{"line":94,"column":8},"end":{"line":94,"column":70}},"13":{"start":{"line":96,"column":8},"end":{"line":96,"column":26}},"14":{"start":{"line":100,"column":8},"end":{"line":100,"column":61}},"15":{"start":{"line":101,"column":8},"end":{"line":101,"column":69}},"16":{"start":{"line":102,"column":8},"end":{"line":102,"column":86}},"17":{"start":{"line":104,"column":8},"end":{"line":104,"column":41}},"18":{"start":{"line":109,"column":8},"end":{"line":109,"column":36}},"19":{"start":{"line":111,"column":8},"end":{"line":111,"column":24}},"20":{"start":{"line":113,"column":8},"end":{"line":113,"column":50}},"21":{"start":{"line":114,"column":8},"end":{"line":114,"column":70}},"22":{"start":{"line":118,"column":8},"end":{"line":118,"column":61}},"23":{"start":{"line":119,"column":8},"end":{"line":119,"column":69}},"24":{"start":{"line":121,"column":8},"end":{"line":121,"column":52}},"25":{"start":{"line":124,"column":8},"end":{"line":124,"column":5081}},"26":{"start":{"line":126,"column":12},"end":{"line":126,"column":50}},"27":{"start":{"line":127,"column":15},"end":{"line":127,"column":5257}},"28":{"start":{"line":129,"column":12},"end":{"line":129,"column":5402}},"29":{"start":{"line":130,"column":16},"end":{"line":130,"column":54}},"30":{"start":{"line":134,"column":8},"end":{"line":134,"column":24}},"31":{"start":{"line":136,"column":8},"end":{"line":136,"column":70}},"32":{"start":{"line":140,"column":8},"end":{"line":140,"column":59}},"33":{"start":{"line":141,"column":8},"end":{"line":141,"column":93}},"34":{"start":{"line":143,"column":8},"end":{"line":143,"column":72}},"35":{"start":{"line":144,"column":8},"end":{"line":144,"column":56}},"36":{"start":{"line":153,"column":8},"end":{"line":153,"column":24}},"37":{"start":{"line":155,"column":8},"end":{"line":155,"column":74}},"38":{"start":{"line":158,"column":77},"end":{"line":158,"column":100}},"39":{"start":{"line":161,"column":8},"end":{"line":161,"column":72}},"40":{"start":{"line":162,"column":8},"end":{"line":162,"column":6827}},"41":{"start":{"line":165,"column":8},"end":{"line":165,"column":21}},"42":{"start":{"line":168,"column":89},"end":{"line":168,"column":119}},"43":{"start":{"line":171,"column":8},"end":{"line":171,"column":57}},"44":{"start":{"line":172,"column":8},"end":{"line":172,"column":38}},"45":{"start":{"line":175,"column":89},"end":{"line":175,"column":143}},"46":{"start":{"line":176,"column":103},"end":{"line":176,"column":138}},"47":{"start":{"line":177,"column":66},"end":{"line":177,"column":92}},"48":{"start":{"line":178,"column":72},"end":{"line":178,"column":102}},"49":{"start":{"line":181,"column":8},"end":{"line":181,"column":72}},"50":{"start":{"line":182,"column":8},"end":{"line":182,"column":44}},"51":{"start":{"line":185,"column":95},"end":{"line":185,"column":122}},"52":{"start":{"line":188,"column":8},"end":{"line":188,"column":42}},"53":{"start":{"line":189,"column":8},"end":{"line":189,"column":72}},"54":{"start":{"line":194,"column":8},"end":{"line":194,"column":70}},"55":{"start":{"line":195,"column":8},"end":{"line":195,"column":44}},"56":{"start":{"line":200,"column":8},"end":{"line":200,"column":8707}},"57":{"start":{"line":201,"column":12},"end":{"line":201,"column":8780}},"58":{"start":{"line":203,"column":16},"end":{"line":203,"column":37}},"59":{"start":{"line":210,"column":8},"end":{"line":210,"column":110}},"60":{"start":{"line":210,"column":63},"end":{"line":210,"column":109}},"61":{"start":{"line":210,"column":98},"end":{"line":210,"column":109}},"62":{"start":{"line":211,"column":8},"end":{"line":211,"column":20}},"63":{"start":{"line":214,"column":41},"end":{"line":214,"column":134}},"64":{"start":{"line":215,"column":8},"end":{"line":215,"column":218}},"65":{"start":{"line":217,"column":8},"end":{"line":217,"column":84}}},"branchMap":{"1":{"line":69,"type":"if","locations":[{"start":{"line":69,"column":49},"end":{"line":69,"column":49}},{"start":{"line":69,"column":49},"end":{"line":69,"column":49}}]},"2":{"line":77,"type":"if","locations":[{"start":{"line":77,"column":95},"end":{"line":77,"column":95}},{"start":{"line":77,"column":95},"end":{"line":77,"column":95}}]},"3":{"line":78,"type":"if","locations":[{"start":{"line":78,"column":8},"end":{"line":78,"column":8}},{"start":{"line":78,"column":8},"end":{"line":78,"column":8}}]},"4":{"line":79,"type":"if","locations":[{"start":{"line":79,"column":8},"end":{"line":79,"column":8}},{"start":{"line":79,"column":8},"end":{"line":79,"column":8}}]},"5":{"line":80,"type":"if","locations":[{"start":{"line":80,"column":8},"end":{"line":80,"column":8}},{"start":{"line":80,"column":8},"end":{"line":80,"column":8}}]},"6":{"line":99,"type":"if","locations":[{"start":{"line":99,"column":59},"end":{"line":99,"column":59}},{"start":{"line":99,"column":59},"end":{"line":99,"column":59}}]},"7":{"line":101,"type":"if","locations":[{"start":{"line":101,"column":8},"end":{"line":101,"column":8}},{"start":{"line":101,"column":8},"end":{"line":101,"column":8}}]},"8":{"line":102,"type":"if","locations":[{"start":{"line":102,"column":8},"end":{"line":102,"column":8}},{"start":{"line":102,"column":8},"end":{"line":102,"column":8}}]},"9":{"line":117,"type":"if","locations":[{"start":{"line":117,"column":92},"end":{"line":117,"column":92}},{"start":{"line":117,"column":92},"end":{"line":117,"column":92}}]},"10":{"line":119,"type":"if","locations":[{"start":{"line":119,"column":8},"end":{"line":119,"column":8}},{"start":{"line":119,"column":8},"end":{"line":119,"column":8}}]},"11":{"line":124,"type":"if","locations":[{"start":{"line":124,"column":8},"end":{"line":124,"column":8}},{"start":{"line":124,"column":8},"end":{"line":124,"column":8}}]},"12":{"line":127,"type":"if","locations":[{"start":{"line":127,"column":15},"end":{"line":127,"column":15}},{"start":{"line":127,"column":15},"end":{"line":127,"column":15}}]},"13":{"line":129,"type":"if","locations":[{"start":{"line":129,"column":12},"end":{"line":129,"column":12}},{"start":{"line":129,"column":12},"end":{"line":129,"column":12}}]},"14":{"line":139,"type":"if","locations":[{"start":{"line":139,"column":119},"end":{"line":139,"column":119}},{"start":{"line":139,"column":119},"end":{"line":139,"column":119}}]},"15":{"line":140,"type":"if","locations":[{"start":{"line":140,"column":8},"end":{"line":140,"column":8}},{"start":{"line":140,"column":8},"end":{"line":140,"column":8}}]},"16":{"line":141,"type":"if","locations":[{"start":{"line":141,"column":8},"end":{"line":141,"column":8}},{"start":{"line":141,"column":8},"end":{"line":141,"column":8}}]},"17":{"line":181,"type":"if","locations":[{"start":{"line":181,"column":8},"end":{"line":181,"column":8}},{"start":{"line":181,"column":8},"end":{"line":181,"column":8}}]},"18":{"line":187,"type":"if","locations":[{"start":{"line":187,"column":55},"end":{"line":187,"column":55}},{"start":{"line":187,"column":55},"end":{"line":187,"column":55}}]},"19":{"line":188,"type":"if","locations":[{"start":{"line":188,"column":8},"end":{"line":188,"column":8}},{"start":{"line":188,"column":8},"end":{"line":188,"column":8}}]},"20":{"line":189,"type":"if","locations":[{"start":{"line":189,"column":8},"end":{"line":189,"column":8}},{"start":{"line":189,"column":8},"end":{"line":189,"column":8}}]},"21":{"line":193,"type":"if","locations":[{"start":{"line":193,"column":55},"end":{"line":193,"column":55}},{"start":{"line":193,"column":55},"end":{"line":193,"column":55}}]},"22":{"line":194,"type":"if","locations":[{"start":{"line":194,"column":8},"end":{"line":194,"column":8}},{"start":{"line":194,"column":8},"end":{"line":194,"column":8}}]},"23":{"line":195,"type":"if","locations":[{"start":{"line":195,"column":8},"end":{"line":195,"column":8}},{"start":{"line":195,"column":8},"end":{"line":195,"column":8}}]},"24":{"line":201,"type":"if","locations":[{"start":{"line":201,"column":12},"end":{"line":201,"column":12}},{"start":{"line":201,"column":12},"end":{"line":201,"column":12}}]},"25":{"line":210,"type":"if","locations":[{"start":{"line":210,"column":63},"end":{"line":210,"column":63}},{"start":{"line":210,"column":63},"end":{"line":210,"column":63}}]},"26":{"line":220,"type":"if","locations":[{"start":{"line":220,"column":76},"end":{"line":220,"column":76}},{"start":{"line":220,"column":76},"end":{"line":220,"column":76}}]}}},"Contracts\\GasRefiller.sol":{"l":{"66":5,"67":5,"69":5,"70":5,"71":5,"72":5,"73":5,"77":13,"78":11,"79":9,"81":8,"83":8,"84":8,"86":8,"90":4,"92":2,"93":2,"94":2,"96":2,"98":2,"102":14,"103":12,"104":10,"106":8,"107":8,"108":8,"112":2,"113":2,"117":6,"118":4,"120":1,"121":1,"123":1,"127":9,"128":7,"130":5,"131":5,"132":5,"134":5,"135":3,"137":2,"139":2,"140":2,"144":12,"146":10,"148":10,"152":3,"153":3,"155":3,"156":3,"157":3,"158":4,"159":3,"160":3,"163":3,"167":4,"168":2,"169":2,"173":5,"174":5},"path":"D:\\Compensation-chamber\\Contracts\\GasRefiller.sol","s":{"1":1,"2":5,"3":5,"4":13,"5":11,"6":9,"7":8,"8":8,"9":4,"10":2,"11":2,"12":2,"13":14,"14":12,"15":10,"16":8,"17":8,"18":2,"19":2,"20":6,"21":4,"22":1,"23":1,"24":1,"25":9,"26":7,"27":5,"28":5,"29":5,"30":5,"31":3,"32":2,"33":2,"34":2,"35":12,"36":10,"37":10,"38":3,"39":3,"40":4,"41":3,"42":3,"43":3,"44":4,"45":3,"46":4,"47":2,"48":2,"49":5,"50":5},"b":{"1":[5,0],"2":[13,2],"3":[11,2],"4":[9,2],"5":[8,1],"6":[4,0],"7":[2,2],"8":[14,0],"9":[12,2],"10":[10,2],"11":[8,2],"12":[6,0],"13":[4,2],"14":[1,3],"15":[1,0],"16":[9,1],"17":[7,2],"18":[5,2],"19":[5,2],"20":[2,1],"21":[1,1],"22":[10,2],"23":[5,5],"24":[5,5],"25":[3,1],"26":[3,1],"27":[4,2],"28":[2,2],"29":[2,0],"30":[5,0],"31":[0,5],"32":[0,0]},"f":{"1":1,"2":5,"3":13,"4":4,"5":14,"6":2,"7":6,"8":9,"9":12,"10":3,"11":4,"12":5,"13":0},"fnMap":{"1":{"name":"constructor","line":63,"loc":{"start":{"line":63,"column":4},"end":{"line":63,"column":42}}},"2":{"name":"initialize","line":65,"loc":{"start":{"line":65,"column":4},"end":{"line":74,"column":4}}},"3":{"name":"addManagedWallet","line":76,"loc":{"start":{"line":76,"column":4},"end":{"line":87,"column":4}}},"4":{"name":"removeManagedWallet","line":89,"loc":{"start":{"line":89,"column":4},"end":{"line":99,"column":4}}},"5":{"name":"registerContractGasReserve","line":101,"loc":{"start":{"line":101,"column":4},"end":{"line":109,"column":4}}},"6":{"name":"needsRefill","line":111,"loc":{"start":{"line":111,"column":4},"end":{"line":114,"column":4}}},"7":{"name":"refillContractGas","line":116,"loc":{"start":{"line":116,"column":4},"end":{"line":124,"column":4}}},"8":{"name":"swapFeesToMatic","line":126,"loc":{"start":{"line":126,"column":4},"end":{"line":141,"column":4}}},"9":{"name":"receiveFees","line":143,"loc":{"start":{"line":143,"column":4},"end":{"line":149,"column":4}}},"10":{"name":"getActiveManagedWallets","line":151,"loc":{"start":{"line":151,"column":4},"end":{"line":164,"column":4}}},"11":{"name":"withdrawMatic","line":166,"loc":{"start":{"line":166,"column":4},"end":{"line":170,"column":4}}},"12":{"name":"_safeApprove","line":172,"loc":{"start":{"line":172,"column":4},"end":{"line":175,"column":4}}},"13":{"name":"_authorizeUpgrade","line":178,"loc":{"start":{"line":178,"column":4},"end":{"line":178,"column":86}}}},"statementMap":{"1":{"start":{"line":63,"column":19},"end":{"line":63,"column":40}},"2":{"start":{"line":66,"column":8},"end":{"line":66,"column":28}},"3":{"start":{"line":67,"column":8},"end":{"line":67,"column":28}},"4":{"start":{"line":77,"column":8},"end":{"line":77,"column":54}},"5":{"start":{"line":78,"column":8},"end":{"line":78,"column":53}},"6":{"start":{"line":79,"column":8},"end":{"line":79,"column":66}},"7":{"start":{"line":81,"column":8},"end":{"line":81,"column":115}},"8":{"start":{"line":86,"column":8},"end":{"line":86,"column":53}},"9":{"start":{"line":90,"column":8},"end":{"line":90,"column":61}},"10":{"start":{"line":92,"column":8},"end":{"line":92,"column":43}},"11":{"start":{"line":93,"column":8},"end":{"line":93,"column":56}},"12":{"start":{"line":98,"column":8},"end":{"line":98,"column":34}},"13":{"start":{"line":102,"column":8},"end":{"line":102,"column":59}},"14":{"start":{"line":103,"column":8},"end":{"line":103,"column":49}},"15":{"start":{"line":104,"column":8},"end":{"line":104,"column":66}},"16":{"start":{"line":107,"column":8},"end":{"line":107,"column":42}},"17":{"start":{"line":108,"column":8},"end":{"line":108,"column":71}},"18":{"start":{"line":112,"column":8},"end":{"line":112,"column":75}},"19":{"start":{"line":113,"column":8},"end":{"line":113,"column":57}},"20":{"start":{"line":117,"column":8},"end":{"line":117,"column":80}},"21":{"start":{"line":118,"column":8},"end":{"line":118,"column":74}},"22":{"start":{"line":120,"column":8},"end":{"line":120,"column":74}},"23":{"start":{"line":121,"column":8},"end":{"line":121,"column":40}},"24":{"start":{"line":123,"column":8},"end":{"line":123,"column":72}},"25":{"start":{"line":127,"column":8},"end":{"line":127,"column":63}},"26":{"start":{"line":128,"column":8},"end":{"line":128,"column":44}},"27":{"start":{"line":130,"column":8},"end":{"line":130,"column":46}},"28":{"start":{"line":131,"column":8},"end":{"line":131,"column":73}},"29":{"start":{"line":132,"column":8},"end":{"line":132,"column":225}},"30":{"start":{"line":134,"column":8},"end":{"line":134,"column":81}},"31":{"start":{"line":135,"column":8},"end":{"line":135,"column":61}},"32":{"start":{"line":137,"column":8},"end":{"line":137,"column":5736}},"33":{"start":{"line":139,"column":8},"end":{"line":139,"column":50}},"34":{"start":{"line":140,"column":8},"end":{"line":140,"column":24}},"35":{"start":{"line":144,"column":8},"end":{"line":144,"column":63}},"36":{"start":{"line":146,"column":8},"end":{"line":146,"column":6070}},"37":{"start":{"line":148,"column":8},"end":{"line":148,"column":40}},"38":{"start":{"line":152,"column":8},"end":{"line":152,"column":25}},"39":{"start":{"line":153,"column":8},"end":{"line":153,"column":99}},"40":{"start":{"line":153,"column":61},"end":{"line":153,"column":98}},"41":{"start":{"line":155,"column":8},"end":{"line":155,"column":66}},"42":{"start":{"line":156,"column":8},"end":{"line":156,"column":25}},"43":{"start":{"line":157,"column":8},"end":{"line":157,"column":6521}},"44":{"start":{"line":158,"column":12},"end":{"line":158,"column":6592}},"45":{"start":{"line":163,"column":8},"end":{"line":163,"column":21}},"46":{"start":{"line":167,"column":8},"end":{"line":167,"column":69}},"47":{"start":{"line":168,"column":8},"end":{"line":168,"column":67}},"48":{"start":{"line":169,"column":8},"end":{"line":169,"column":44}},"49":{"start":{"line":173,"column":8},"end":{"line":173,"column":124}},"50":{"start":{"line":174,"column":8},"end":{"line":174,"column":91}}},"branchMap":{"1":{"line":65,"type":"if","locations":[{"start":{"line":65,"column":112},"end":{"line":65,"column":112}},{"start":{"line":65,"column":112},"end":{"line":65,"column":112}}]},"2":{"line":76,"type":"if","locations":[{"start":{"line":76,"column":100},"end":{"line":76,"column":100}},{"start":{"line":76,"column":100},"end":{"line":76,"column":100}}]},"3":{"line":77,"type":"if","locations":[{"start":{"line":77,"column":8},"end":{"line":77,"column":8}},{"start":{"line":77,"column":8},"end":{"line":77,"column":8}}]},"4":{"line":78,"type":"if","locations":[{"start":{"line":78,"column":8},"end":{"line":78,"column":8}},{"start":{"line":78,"column":8},"end":{"line":78,"column":8}}]},"5":{"line":79,"type":"if","locations":[{"start":{"line":79,"column":8},"end":{"line":79,"column":8}},{"start":{"line":79,"column":8},"end":{"line":79,"column":8}}]},"6":{"line":89,"type":"if","locations":[{"start":{"line":89,"column":58},"end":{"line":89,"column":58}},{"start":{"line":89,"column":58},"end":{"line":89,"column":58}}]},"7":{"line":90,"type":"if","locations":[{"start":{"line":90,"column":8},"end":{"line":90,"column":8}},{"start":{"line":90,"column":8},"end":{"line":90,"column":8}}]},"8":{"line":101,"type":"if","locations":[{"start":{"line":101,"column":113},"end":{"line":101,"column":113}},{"start":{"line":101,"column":113},"end":{"line":101,"column":113}}]},"9":{"line":102,"type":"if","locations":[{"start":{"line":102,"column":8},"end":{"line":102,"column":8}},{"start":{"line":102,"column":8},"end":{"line":102,"column":8}}]},"10":{"line":103,"type":"if","locations":[{"start":{"line":103,"column":8},"end":{"line":103,"column":8}},{"start":{"line":103,"column":8},"end":{"line":103,"column":8}}]},"11":{"line":104,"type":"if","locations":[{"start":{"line":104,"column":8},"end":{"line":104,"column":8}},{"start":{"line":104,"column":8},"end":{"line":104,"column":8}}]},"12":{"line":116,"type":"if","locations":[{"start":{"line":116,"column":80},"end":{"line":116,"column":80}},{"start":{"line":116,"column":80},"end":{"line":116,"column":80}}]},"13":{"line":117,"type":"if","locations":[{"start":{"line":117,"column":8},"end":{"line":117,"column":8}},{"start":{"line":117,"column":8},"end":{"line":117,"column":8}}]},"14":{"line":118,"type":"if","locations":[{"start":{"line":118,"column":8},"end":{"line":118,"column":8}},{"start":{"line":118,"column":8},"end":{"line":118,"column":8}}]},"15":{"line":121,"type":"if","locations":[{"start":{"line":121,"column":8},"end":{"line":121,"column":8}},{"start":{"line":121,"column":8},"end":{"line":121,"column":8}}]},"16":{"line":126,"type":"if","locations":[{"start":{"line":126,"column":90},"end":{"line":126,"column":90}},{"start":{"line":126,"column":90},"end":{"line":126,"column":90}}]},"17":{"line":127,"type":"if","locations":[{"start":{"line":127,"column":8},"end":{"line":127,"column":8}},{"start":{"line":127,"column":8},"end":{"line":127,"column":8}}]},"18":{"line":127,"type":"cond-expr","locations":[{"start":{"line":127,"column":16},"end":{"line":127,"column":28}},{"start":{"line":127,"column":33},"end":{"line":127,"column":45}}]},"19":{"line":128,"type":"if","locations":[{"start":{"line":128,"column":8},"end":{"line":128,"column":8}},{"start":{"line":128,"column":8},"end":{"line":128,"column":8}}]},"20":{"line":135,"type":"if","locations":[{"start":{"line":135,"column":8},"end":{"line":135,"column":8}},{"start":{"line":135,"column":8},"end":{"line":135,"column":8}}]},"21":{"line":137,"type":"if","locations":[{"start":{"line":137,"column":8},"end":{"line":137,"column":8}},{"start":{"line":137,"column":8},"end":{"line":137,"column":8}}]},"22":{"line":144,"type":"if","locations":[{"start":{"line":144,"column":8},"end":{"line":144,"column":8}},{"start":{"line":144,"column":8},"end":{"line":144,"column":8}}]},"23":{"line":144,"type":"cond-expr","locations":[{"start":{"line":144,"column":16},"end":{"line":144,"column":28}},{"start":{"line":144,"column":33},"end":{"line":144,"column":45}}]},"24":{"line":146,"type":"if","locations":[{"start":{"line":146,"column":8},"end":{"line":146,"column":8}},{"start":{"line":146,"column":8},"end":{"line":146,"column":8}}]},"25":{"line":153,"type":"if","locations":[{"start":{"line":153,"column":61},"end":{"line":153,"column":61}},{"start":{"line":153,"column":61},"end":{"line":153,"column":61}}]},"26":{"line":158,"type":"if","locations":[{"start":{"line":158,"column":12},"end":{"line":158,"column":12}},{"start":{"line":158,"column":12},"end":{"line":158,"column":12}}]},"27":{"line":166,"type":"if","locations":[{"start":{"line":166,"column":52},"end":{"line":166,"column":52}},{"start":{"line":166,"column":52},"end":{"line":166,"column":52}}]},"28":{"line":167,"type":"if","locations":[{"start":{"line":167,"column":8},"end":{"line":167,"column":8}},{"start":{"line":167,"column":8},"end":{"line":167,"column":8}}]},"29":{"line":169,"type":"if","locations":[{"start":{"line":169,"column":8},"end":{"line":169,"column":8}},{"start":{"line":169,"column":8},"end":{"line":169,"column":8}}]},"30":{"line":174,"type":"if","locations":[{"start":{"line":174,"column":8},"end":{"line":174,"column":8}},{"start":{"line":174,"column":8},"end":{"line":174,"column":8}}]},"31":{"line":174,"type":"cond-expr","locations":[{"start":{"line":174,"column":28},"end":{"line":174,"column":43}},{"start":{"line":174,"column":48},"end":{"line":174,"column":71}}]},"32":{"line":178,"type":"if","locations":[{"start":{"line":178,"column":76},"end":{"line":178,"column":76}},{"start":{"line":178,"column":76},"end":{"line":178,"column":76}}]}}},"Contracts\\GovernanceTokenV2.sol":{"l":{"69":1,"70":1,"71":1,"72":1,"73":1,"74":1,"78":53,"79":51,"80":49,"81":48,"82":47,"84":45,"85":45,"87":45,"88":45,"89":45,"91":45,"93":45,"97":39,"98":39,"99":39,"100":38,"101":38,"103":36,"104":36,"105":36,"107":36,"108":36,"110":36,"114":4,"115":4,"116":3,"117":2,"119":2,"120":2,"121":2,"123":2,"127":20,"128":20,"129":19,"130":18,"132":16,"133":16,"135":16,"136":16,"137":16,"139":16,"141":16,"145":12,"146":12,"147":12,"148":12,"150":12,"151":12,"152":12,"154":12,"155":12,"157":12,"158":12,"159":4,"160":4,"161":4,"163":12,"165":12,"166":12,"170":3,"171":3,"172":2,"174":2,"175":2,"176":2,"178":2,"180":2,"184":5,"185":5,"186":3,"187":3,"194":3,"195":3,"197":3,"198":3,"199":3,"200":3,"204":2,"205":2,"207":2,"208":2,"209":2,"210":2,"222":95,"223":91,"224":91,"226":95,"230":84,"231":83},"path":"D:\\Compensation-chamber\\Contracts\\GovernanceTokenV2.sol","s":{"1":1,"2":1,"3":1,"4":1,"5":1,"6":1,"7":1,"8":53,"9":51,"10":49,"11":48,"12":47,"13":45,"14":45,"15":45,"16":45,"17":45,"18":39,"19":39,"20":39,"21":38,"22":38,"23":36,"24":0,"25":36,"26":36,"27":4,"28":4,"29":3,"30":2,"31":2,"32":2,"33":20,"34":20,"35":19,"36":18,"37":16,"38":16,"39":16,"40":16,"41":16,"42":12,"43":12,"44":12,"45":12,"46":12,"47":12,"48":12,"49":4,"50":12,"51":12,"52":12,"53":3,"54":3,"55":2,"56":2,"57":2,"58":2,"59":2,"60":5,"61":5,"62":3,"63":3,"64":1,"65":3,"66":3,"67":4,"68":3,"69":3,"70":3,"71":4,"72":3,"73":2,"74":2,"75":2,"76":2,"77":2,"78":2,"79":2,"80":2,"81":1,"82":1,"83":0,"84":0,"85":1,"86":1,"87":1,"88":95,"89":91,"90":55,"91":91,"92":91,"93":95,"94":84,"95":83,"96":0},"b":{"1":[1,0],"2":[53,1],"3":[51,2],"4":[49,2],"5":[48,1],"6":[47,1],"7":[45,2],"8":[45,0],"9":[39,0],"10":[39,0],"11":[38,1],"12":[38,0],"13":[36,2],"14":[0,36],"15":[4,0],"16":[3,1],"17":[2,1],"18":[2,0],"19":[20,1],"20":[20,0],"21":[19,1],"22":[18,1],"23":[16,2],"24":[16,0],"25":[12,0],"26":[12,0],"27":[12,0],"28":[12,0],"29":[4,8],"30":[3,0],"31":[3,0],"32":[2,1],"33":[2,0],"34":[5,0],"35":[5,0],"36":[3,2],"37":[3,1],"38":[3,1],"39":[2,0],"40":[2,0],"41":[91,4],"42":[55,36],"43":[55,0],"44":[91,0],"45":[91,0],"46":[83,1],"47":[0,0]},"f":{"1":1,"2":1,"3":53,"4":39,"5":4,"6":20,"7":12,"8":3,"9":5,"10":3,"11":1,"12":3,"13":2,"14":1,"15":1,"16":0,"17":0,"18":1,"19":1,"20":1,"21":95,"22":84,"23":0,"24":0},"fnMap":{"1":{"name":"constructor","line":66,"loc":{"start":{"line":66,"column":4},"end":{"line":66,"column":42}}},"2":{"name":"initialize","line":68,"loc":{"start":{"line":68,"column":4},"end":{"line":75,"column":4}}},"3":{"name":"requestMint","line":77,"loc":{"start":{"line":77,"column":4},"end":{"line":94,"column":4}}},"4":{"name":"executeMint","line":96,"loc":{"start":{"line":96,"column":4},"end":{"line":111,"column":4}}},"5":{"name":"cancelMintRequest","line":113,"loc":{"start":{"line":113,"column":4},"end":{"line":124,"column":4}}},"6":{"name":"requestBlacklist","line":126,"loc":{"start":{"line":126,"column":4},"end":{"line":142,"column":4}}},"7":{"name":"executeBlacklist","line":144,"loc":{"start":{"line":144,"column":4},"end":{"line":167,"column":4}}},"8":{"name":"requestBlacklistRemoval","line":169,"loc":{"start":{"line":169,"column":4},"end":{"line":181,"column":4}}},"9":{"name":"removeFromBlacklist","line":183,"loc":{"start":{"line":183,"column":4},"end":{"line":188,"column":4}}},"10":{"name":"isBlacklisted","line":190,"loc":{"start":{"line":190,"column":4},"end":{"line":190,"column":100}}},"11":{"name":"getBlacklistTimestamp","line":191,"loc":{"start":{"line":191,"column":4},"end":{"line":191,"column":120}}},"12":{"name":"getPendingMintRequests","line":193,"loc":{"start":{"line":193,"column":4},"end":{"line":201,"column":4}}},"13":{"name":"getPendingBlacklistRequests","line":203,"loc":{"start":{"line":203,"column":4},"end":{"line":211,"column":4}}},"14":{"name":"getMintRequestIds","line":213,"loc":{"start":{"line":213,"column":4},"end":{"line":213,"column":97}}},"15":{"name":"getBlacklistRequestIds","line":214,"loc":{"start":{"line":214,"column":4},"end":{"line":214,"column":107}}},"16":{"name":"getMintRequest","line":215,"loc":{"start":{"line":215,"column":4},"end":{"line":215,"column":122}}},"17":{"name":"getBlacklistRequest","line":216,"loc":{"start":{"line":216,"column":4},"end":{"line":216,"column":137}}},"18":{"name":"getTotalMinted","line":217,"loc":{"start":{"line":217,"column":4},"end":{"line":217,"column":84}}},"19":{"name":"getRemainingMintCapacity","line":218,"loc":{"start":{"line":218,"column":4},"end":{"line":218,"column":107}}},"20":{"name":"getBlacklistedAddresses","line":219,"loc":{"start":{"line":219,"column":4},"end":{"line":219,"column":132}}},"21":{"name":"_update","line":221,"loc":{"start":{"line":221,"column":4},"end":{"line":227,"column":4}}},"22":{"name":"delegate","line":229,"loc":{"start":{"line":229,"column":4},"end":{"line":232,"column":4}}},"23":{"name":"nonces","line":234,"loc":{"start":{"line":234,"column":4},"end":{"line":234,"column":145}}},"24":{"name":"_authorizeUpgrade","line":235,"loc":{"start":{"line":235,"column":4},"end":{"line":235,"column":87}}}},"statementMap":{"1":{"start":{"line":66,"column":19},"end":{"line":66,"column":40}},"2":{"start":{"line":69,"column":8},"end":{"line":69,"column":55}},"3":{"start":{"line":70,"column":8},"end":{"line":70,"column":26}},"4":{"start":{"line":71,"column":8},"end":{"line":71,"column":29}},"5":{"start":{"line":72,"column":8},"end":{"line":72,"column":54}},"6":{"start":{"line":73,"column":8},"end":{"line":73,"column":28}},"7":{"start":{"line":74,"column":8},"end":{"line":74,"column":28}},"8":{"start":{"line":78,"column":8},"end":{"line":78,"column":60}},"9":{"start":{"line":79,"column":8},"end":{"line":79,"column":44}},"10":{"start":{"line":80,"column":8},"end":{"line":80,"column":62}},"11":{"start":{"line":81,"column":8},"end":{"line":81,"column":74}},"12":{"start":{"line":82,"column":8},"end":{"line":82,"column":59}},"13":{"start":{"line":84,"column":8},"end":{"line":84,"column":105}},"14":{"start":{"line":85,"column":8},"end":{"line":85,"column":89}},"15":{"start":{"line":88,"column":8},"end":{"line":88,"column":37}},"16":{"start":{"line":91,"column":8},"end":{"line":91,"column":81}},"17":{"start":{"line":93,"column":8},"end":{"line":93,"column":24}},"18":{"start":{"line":97,"column":8},"end":{"line":97,"column":61}},"19":{"start":{"line":98,"column":8},"end":{"line":98,"column":68}},"20":{"start":{"line":99,"column":8},"end":{"line":99,"column":61}},"21":{"start":{"line":100,"column":8},"end":{"line":100,"column":82}},"22":{"start":{"line":101,"column":8},"end":{"line":101,"column":63}},"23":{"start":{"line":107,"column":8},"end":{"line":107,"column":145}},"24":{"start":{"line":107,"column":82},"end":{"line":107,"column":143}},"25":{"start":{"line":108,"column":8},"end":{"line":108,"column":47}},"26":{"start":{"line":110,"column":8},"end":{"line":110,"column":100}},"27":{"start":{"line":114,"column":8},"end":{"line":114,"column":61}},"28":{"start":{"line":115,"column":8},"end":{"line":115,"column":68}},"29":{"start":{"line":116,"column":8},"end":{"line":116,"column":61}},"30":{"start":{"line":117,"column":8},"end":{"line":117,"column":59}},"31":{"start":{"line":119,"column":8},"end":{"line":119,"column":39}},"32":{"start":{"line":123,"column":8},"end":{"line":123,"column":89}},"33":{"start":{"line":127,"column":8},"end":{"line":127,"column":56}},"34":{"start":{"line":128,"column":8},"end":{"line":128,"column":58}},"35":{"start":{"line":129,"column":8},"end":{"line":129,"column":59}},"36":{"start":{"line":130,"column":8},"end":{"line":130,"column":60}},"37":{"start":{"line":132,"column":8},"end":{"line":132,"column":95}},"38":{"start":{"line":133,"column":8},"end":{"line":133,"column":92}},"39":{"start":{"line":136,"column":8},"end":{"line":136,"column":42}},"40":{"start":{"line":139,"column":8},"end":{"line":139,"column":76}},"41":{"start":{"line":141,"column":8},"end":{"line":141,"column":24}},"42":{"start":{"line":145,"column":8},"end":{"line":145,"column":71}},"43":{"start":{"line":146,"column":8},"end":{"line":146,"column":66}},"44":{"start":{"line":147,"column":8},"end":{"line":147,"column":61}},"45":{"start":{"line":148,"column":8},"end":{"line":148,"column":63}},"46":{"start":{"line":150,"column":8},"end":{"line":150,"column":41}},"47":{"start":{"line":157,"column":8},"end":{"line":157,"column":44}},"48":{"start":{"line":158,"column":8},"end":{"line":158,"column":7900}},"49":{"start":{"line":160,"column":12},"end":{"line":160,"column":34}},"50":{"start":{"line":163,"column":8},"end":{"line":163,"column":37}},"51":{"start":{"line":165,"column":8},"end":{"line":165,"column":88}},"52":{"start":{"line":166,"column":8},"end":{"line":166,"column":73}},"53":{"start":{"line":170,"column":8},"end":{"line":170,"column":56}},"54":{"start":{"line":171,"column":8},"end":{"line":171,"column":61}},"55":{"start":{"line":172,"column":8},"end":{"line":172,"column":59}},"56":{"start":{"line":174,"column":8},"end":{"line":174,"column":106}},"57":{"start":{"line":176,"column":8},"end":{"line":176,"column":42}},"58":{"start":{"line":178,"column":8},"end":{"line":178,"column":82}},"59":{"start":{"line":180,"column":8},"end":{"line":180,"column":24}},"60":{"start":{"line":184,"column":8},"end":{"line":184,"column":56}},"61":{"start":{"line":185,"column":8},"end":{"line":185,"column":53}},"62":{"start":{"line":187,"column":8},"end":{"line":187,"column":59}},"63":{"start":{"line":190,"column":74},"end":{"line":190,"column":99}},"64":{"start":{"line":191,"column":85},"end":{"line":191,"column":119}},"65":{"start":{"line":194,"column":8},"end":{"line":194,"column":25}},"66":{"start":{"line":195,"column":8},"end":{"line":195,"column":118}},"67":{"start":{"line":195,"column":61},"end":{"line":195,"column":117}},"68":{"start":{"line":197,"column":8},"end":{"line":197,"column":62}},"69":{"start":{"line":198,"column":8},"end":{"line":198,"column":25}},"70":{"start":{"line":199,"column":8},"end":{"line":199,"column":167}},"71":{"start":{"line":199,"column":61},"end":{"line":199,"column":166}},"72":{"start":{"line":200,"column":8},"end":{"line":200,"column":21}},"73":{"start":{"line":204,"column":8},"end":{"line":204,"column":25}},"74":{"start":{"line":205,"column":8},"end":{"line":205,"column":133}},"75":{"start":{"line":205,"column":66},"end":{"line":205,"column":132}},"76":{"start":{"line":207,"column":8},"end":{"line":207,"column":72}},"77":{"start":{"line":208,"column":8},"end":{"line":208,"column":25}},"78":{"start":{"line":209,"column":8},"end":{"line":209,"column":192}},"79":{"start":{"line":209,"column":66},"end":{"line":209,"column":191}},"80":{"start":{"line":210,"column":8},"end":{"line":210,"column":21}},"81":{"start":{"line":213,"column":75},"end":{"line":213,"column":96}},"82":{"start":{"line":214,"column":80},"end":{"line":214,"column":106}},"83":{"start":{"line":215,"column":91},"end":{"line":215,"column":121}},"84":{"start":{"line":216,"column":101},"end":{"line":216,"column":136}},"85":{"start":{"line":217,"column":63},"end":{"line":217,"column":83}},"86":{"start":{"line":218,"column":73},"end":{"line":218,"column":106}},"87":{"start":{"line":219,"column":81},"end":{"line":219,"column":130}},"88":{"start":{"line":222,"column":8},"end":{"line":222,"column":11667}},"89":{"start":{"line":223,"column":12},"end":{"line":223,"column":87}},"90":{"start":{"line":223,"column":38},"end":{"line":223,"column":84}},"91":{"start":{"line":224,"column":12},"end":{"line":224,"column":86}},"92":{"start":{"line":224,"column":36},"end":{"line":224,"column":83}},"93":{"start":{"line":226,"column":8},"end":{"line":226,"column":37}},"94":{"start":{"line":230,"column":8},"end":{"line":230,"column":62}},"95":{"start":{"line":231,"column":8},"end":{"line":231,"column":32}},"96":{"start":{"line":234,"column":118},"end":{"line":234,"column":144}}},"branchMap":{"1":{"line":68,"type":"if","locations":[{"start":{"line":68,"column":48},"end":{"line":68,"column":48}},{"start":{"line":68,"column":48},"end":{"line":68,"column":48}}]},"2":{"line":77,"type":"if","locations":[{"start":{"line":77,"column":93},"end":{"line":77,"column":93}},{"start":{"line":77,"column":93},"end":{"line":77,"column":93}}]},"3":{"line":78,"type":"if","locations":[{"start":{"line":78,"column":8},"end":{"line":78,"column":8}},{"start":{"line":78,"column":8},"end":{"line":78,"column":8}}]},"4":{"line":79,"type":"if","locations":[{"start":{"line":79,"column":8},"end":{"line":79,"column":8}},{"start":{"line":79,"column":8},"end":{"line":79,"column":8}}]},"5":{"line":80,"type":"if","locations":[{"start":{"line":80,"column":8},"end":{"line":80,"column":8}},{"start":{"line":80,"column":8},"end":{"line":80,"column":8}}]},"6":{"line":81,"type":"if","locations":[{"start":{"line":81,"column":8},"end":{"line":81,"column":8}},{"start":{"line":81,"column":8},"end":{"line":81,"column":8}}]},"7":{"line":82,"type":"if","locations":[{"start":{"line":82,"column":8},"end":{"line":82,"column":8}},{"start":{"line":82,"column":8},"end":{"line":82,"column":8}}]},"8":{"line":85,"type":"if","locations":[{"start":{"line":85,"column":8},"end":{"line":85,"column":8}},{"start":{"line":85,"column":8},"end":{"line":85,"column":8}}]},"9":{"line":96,"type":"if","locations":[{"start":{"line":96,"column":73},"end":{"line":96,"column":73}},{"start":{"line":96,"column":73},"end":{"line":96,"column":73}}]},"10":{"line":98,"type":"if","locations":[{"start":{"line":98,"column":8},"end":{"line":98,"column":8}},{"start":{"line":98,"column":8},"end":{"line":98,"column":8}}]},"11":{"line":99,"type":"if","locations":[{"start":{"line":99,"column":8},"end":{"line":99,"column":8}},{"start":{"line":99,"column":8},"end":{"line":99,"column":8}}]},"12":{"line":100,"type":"if","locations":[{"start":{"line":100,"column":8},"end":{"line":100,"column":8}},{"start":{"line":100,"column":8},"end":{"line":100,"column":8}}]},"13":{"line":101,"type":"if","locations":[{"start":{"line":101,"column":8},"end":{"line":101,"column":8}},{"start":{"line":101,"column":8},"end":{"line":101,"column":8}}]},"14":{"line":107,"type":"if","locations":[{"start":{"line":107,"column":8},"end":{"line":107,"column":8}},{"start":{"line":107,"column":8},"end":{"line":107,"column":8}}]},"15":{"line":113,"type":"if","locations":[{"start":{"line":113,"column":83},"end":{"line":113,"column":83}},{"start":{"line":113,"column":83},"end":{"line":113,"column":83}}]},"16":{"line":115,"type":"if","locations":[{"start":{"line":115,"column":8},"end":{"line":115,"column":8}},{"start":{"line":115,"column":8},"end":{"line":115,"column":8}}]},"17":{"line":116,"type":"if","locations":[{"start":{"line":116,"column":8},"end":{"line":116,"column":8}},{"start":{"line":116,"column":8},"end":{"line":116,"column":8}}]},"18":{"line":117,"type":"if","locations":[{"start":{"line":117,"column":8},"end":{"line":117,"column":8}},{"start":{"line":117,"column":8},"end":{"line":117,"column":8}}]},"19":{"line":126,"type":"if","locations":[{"start":{"line":126,"column":80},"end":{"line":126,"column":80}},{"start":{"line":126,"column":80},"end":{"line":126,"column":80}}]},"20":{"line":127,"type":"if","locations":[{"start":{"line":127,"column":8},"end":{"line":127,"column":8}},{"start":{"line":127,"column":8},"end":{"line":127,"column":8}}]},"21":{"line":128,"type":"if","locations":[{"start":{"line":128,"column":8},"end":{"line":128,"column":8}},{"start":{"line":128,"column":8},"end":{"line":128,"column":8}}]},"22":{"line":129,"type":"if","locations":[{"start":{"line":129,"column":8},"end":{"line":129,"column":8}},{"start":{"line":129,"column":8},"end":{"line":129,"column":8}}]},"23":{"line":130,"type":"if","locations":[{"start":{"line":130,"column":8},"end":{"line":130,"column":8}},{"start":{"line":130,"column":8},"end":{"line":130,"column":8}}]},"24":{"line":133,"type":"if","locations":[{"start":{"line":133,"column":8},"end":{"line":133,"column":8}},{"start":{"line":133,"column":8},"end":{"line":133,"column":8}}]},"25":{"line":144,"type":"if","locations":[{"start":{"line":144,"column":78},"end":{"line":144,"column":78}},{"start":{"line":144,"column":78},"end":{"line":144,"column":78}}]},"26":{"line":146,"type":"if","locations":[{"start":{"line":146,"column":8},"end":{"line":146,"column":8}},{"start":{"line":146,"column":8},"end":{"line":146,"column":8}}]},"27":{"line":147,"type":"if","locations":[{"start":{"line":147,"column":8},"end":{"line":147,"column":8}},{"start":{"line":147,"column":8},"end":{"line":147,"column":8}}]},"28":{"line":148,"type":"if","locations":[{"start":{"line":148,"column":8},"end":{"line":148,"column":8}},{"start":{"line":148,"column":8},"end":{"line":148,"column":8}}]},"29":{"line":158,"type":"if","locations":[{"start":{"line":158,"column":8},"end":{"line":158,"column":8}},{"start":{"line":158,"column":8},"end":{"line":158,"column":8}}]},"30":{"line":169,"type":"if","locations":[{"start":{"line":169,"column":87},"end":{"line":169,"column":87}},{"start":{"line":169,"column":87},"end":{"line":169,"column":87}}]},"31":{"line":170,"type":"if","locations":[{"start":{"line":170,"column":8},"end":{"line":170,"column":8}},{"start":{"line":170,"column":8},"end":{"line":170,"column":8}}]},"32":{"line":171,"type":"if","locations":[{"start":{"line":171,"column":8},"end":{"line":171,"column":8}},{"start":{"line":171,"column":8},"end":{"line":171,"column":8}}]},"33":{"line":172,"type":"if","locations":[{"start":{"line":172,"column":8},"end":{"line":172,"column":8}},{"start":{"line":172,"column":8},"end":{"line":172,"column":8}}]},"34":{"line":183,"type":"if","locations":[{"start":{"line":183,"column":59},"end":{"line":183,"column":59}},{"start":{"line":183,"column":59},"end":{"line":183,"column":59}}]},"35":{"line":184,"type":"if","locations":[{"start":{"line":184,"column":8},"end":{"line":184,"column":8}},{"start":{"line":184,"column":8},"end":{"line":184,"column":8}}]},"36":{"line":185,"type":"if","locations":[{"start":{"line":185,"column":8},"end":{"line":185,"column":8}},{"start":{"line":185,"column":8},"end":{"line":185,"column":8}}]},"37":{"line":195,"type":"if","locations":[{"start":{"line":195,"column":61},"end":{"line":195,"column":61}},{"start":{"line":195,"column":61},"end":{"line":195,"column":61}}]},"38":{"line":199,"type":"if","locations":[{"start":{"line":199,"column":61},"end":{"line":199,"column":61}},{"start":{"line":199,"column":61},"end":{"line":199,"column":61}}]},"39":{"line":205,"type":"if","locations":[{"start":{"line":205,"column":66},"end":{"line":205,"column":66}},{"start":{"line":205,"column":66},"end":{"line":205,"column":66}}]},"40":{"line":209,"type":"if","locations":[{"start":{"line":209,"column":66},"end":{"line":209,"column":66}},{"start":{"line":209,"column":66},"end":{"line":209,"column":66}}]},"41":{"line":222,"type":"if","locations":[{"start":{"line":222,"column":8},"end":{"line":222,"column":8}},{"start":{"line":222,"column":8},"end":{"line":222,"column":8}}]},"42":{"line":223,"type":"if","locations":[{"start":{"line":223,"column":12},"end":{"line":223,"column":12}},{"start":{"line":223,"column":12},"end":{"line":223,"column":12}}]},"43":{"line":223,"type":"if","locations":[{"start":{"line":223,"column":38},"end":{"line":223,"column":38}},{"start":{"line":223,"column":38},"end":{"line":223,"column":38}}]},"44":{"line":224,"type":"if","locations":[{"start":{"line":224,"column":12},"end":{"line":224,"column":12}},{"start":{"line":224,"column":12},"end":{"line":224,"column":12}}]},"45":{"line":224,"type":"if","locations":[{"start":{"line":224,"column":36},"end":{"line":224,"column":36}},{"start":{"line":224,"column":36},"end":{"line":224,"column":36}}]},"46":{"line":230,"type":"if","locations":[{"start":{"line":230,"column":8},"end":{"line":230,"column":8}},{"start":{"line":230,"column":8},"end":{"line":230,"column":8}}]},"47":{"line":235,"type":"if","locations":[{"start":{"line":235,"column":76},"end":{"line":235,"column":76}},{"start":{"line":235,"column":76},"end":{"line":235,"column":76}}]}}},"Contracts\\MockERC20.sol":{"l":{"10":6,"11":6,"15":0,"19":8},"path":"D:\\Compensation-chamber\\Contracts\\MockERC20.sol","s":{"1":6,"2":0,"3":8},"b":{},"f":{"1":6,"2":0,"3":8},"fnMap":{"1":{"name":"constructor","line":9,"loc":{"start":{"line":9,"column":4},"end":{"line":12,"column":4}}},"2":{"name":"decimals","line":14,"loc":{"start":{"line":14,"column":4},"end":{"line":16,"column":4}}},"3":{"name":"mint","line":18,"loc":{"start":{"line":18,"column":4},"end":{"line":20,"column":4}}}},"statementMap":{"1":{"start":{"line":11,"column":8},"end":{"line":11,"column":57}},"2":{"start":{"line":15,"column":8},"end":{"line":15,"column":24}},"3":{"start":{"line":19,"column":8},"end":{"line":19,"column":24}}},"branchMap":{}},"Contracts\\MockUniswapV3Router.sol":{"l":{"17":3,"20":3,"23":3,"26":3,"27":3,"28":3,"31":3},"path":"D:\\Compensation-chamber\\Contracts\\MockUniswapV3Router.sol","s":{"1":3,"2":3,"3":3,"4":3,"5":3,"6":3},"b":{"1":[3,0],"2":[3,0]},"f":{"1":3},"fnMap":{"1":{"name":"exactInputSingle","line":15,"loc":{"start":{"line":15,"column":4},"end":{"line":32,"column":4}}}},"statementMap":{"1":{"start":{"line":17,"column":8},"end":{"line":17,"column":60}},"2":{"start":{"line":20,"column":8},"end":{"line":20,"column":79}},"3":{"start":{"line":26,"column":8},"end":{"line":26,"column":856}},"4":{"start":{"line":27,"column":12},"end":{"line":27,"column":74}},"5":{"start":{"line":28,"column":12},"end":{"line":28,"column":50}},"6":{"start":{"line":31,"column":8},"end":{"line":31,"column":24}}},"branchMap":{"1":{"line":26,"type":"if","locations":[{"start":{"line":26,"column":8},"end":{"line":26,"column":8}},{"start":{"line":26,"column":8},"end":{"line":26,"column":8}}]},"2":{"line":28,"type":"if","locations":[{"start":{"line":28,"column":12},"end":{"line":28,"column":12}},{"start":{"line":28,"column":12},"end":{"line":28,"column":12}}]}}},"Contracts\\PayoutExecutor.sol":{"l":{"40":1,"41":1,"43":1,"47":14,"48":13,"49":12,"50":12,"52":11,"53":11,"55":10,"56":10,"58":10,"59":10,"61":10,"62":8,"64":7,"65":7,"66":7,"68":7,"70":7,"74":13,"75":12,"77":11,"78":11,"82":13,"83":12,"85":11,"86":11,"93":2,"95":2,"96":2,"98":2,"99":2,"101":2},"path":"D:\\Compensation-chamber\\Contracts\\PayoutExecutor.sol","s":{"1":1,"2":1,"3":1,"4":14,"5":13,"6":12,"7":12,"8":11,"9":11,"10":10,"11":10,"12":10,"13":10,"14":10,"15":8,"16":7,"17":7,"18":13,"19":12,"20":11,"21":13,"22":12,"23":11,"24":0,"25":0,"26":2,"27":2,"28":2,"29":2,"30":2,"31":2,"32":1},"b":{"1":[1,0],"2":[14,1],"3":[13,1],"4":[12,1],"5":[12,0],"6":[11,1],"7":[10,1],"8":[8,2],"9":[7,1],"10":[13,0],"11":[12,1],"12":[11,1],"13":[13,0],"14":[12,1],"15":[11,1],"16":[2,0],"17":[0,0]},"f":{"1":1,"2":1,"3":14,"4":13,"5":13,"6":0,"7":0,"8":2,"9":1,"10":0},"fnMap":{"1":{"name":"constructor","line":37,"loc":{"start":{"line":37,"column":4},"end":{"line":37,"column":42}}},"2":{"name":"initialize","line":39,"loc":{"start":{"line":39,"column":4},"end":{"line":44,"column":4}}},"3":{"name":"executePayout","line":46,"loc":{"start":{"line":46,"column":4},"end":{"line":71,"column":4}}},"4":{"name":"setDailyLimit","line":73,"loc":{"start":{"line":73,"column":4},"end":{"line":79,"column":4}}},"5":{"name":"setMonthlyLimit","line":81,"loc":{"start":{"line":81,"column":4},"end":{"line":87,"column":4}}},"6":{"name":"getDailyPayoutSum","line":89,"loc":{"start":{"line":89,"column":4},"end":{"line":89,"column":143}}},"7":{"name":"getMonthlyPayoutSum","line":90,"loc":{"start":{"line":90,"column":4},"end":{"line":90,"column":152}}},"8":{"name":"canExecutePayout","line":92,"loc":{"start":{"line":92,"column":4},"end":{"line":102,"column":4}}},"9":{"name":"getPayoutRequest","line":104,"loc":{"start":{"line":104,"column":4},"end":{"line":104,"column":124}}},"10":{"name":"_authorizeUpgrade","line":105,"loc":{"start":{"line":105,"column":4},"end":{"line":105,"column":87}}}},"statementMap":{"1":{"start":{"line":37,"column":19},"end":{"line":37,"column":40}},"2":{"start":{"line":40,"column":8},"end":{"line":40,"column":28}},"3":{"start":{"line":41,"column":8},"end":{"line":41,"column":28}},"4":{"start":{"line":47,"column":8},"end":{"line":47,"column":60}},"5":{"start":{"line":48,"column":8},"end":{"line":48,"column":44}},"6":{"start":{"line":49,"column":8},"end":{"line":49,"column":60}},"7":{"start":{"line":50,"column":8},"end":{"line":50,"column":71}},"8":{"start":{"line":52,"column":8},"end":{"line":52,"column":63}},"9":{"start":{"line":53,"column":8},"end":{"line":53,"column":73}},"10":{"start":{"line":55,"column":8},"end":{"line":55,"column":49}},"11":{"start":{"line":56,"column":8},"end":{"line":56,"column":52}},"12":{"start":{"line":58,"column":8},"end":{"line":58,"column":69}},"13":{"start":{"line":59,"column":8},"end":{"line":59,"column":75}},"14":{"start":{"line":61,"column":8},"end":{"line":61,"column":78}},"15":{"start":{"line":62,"column":8},"end":{"line":62,"column":84}},"16":{"start":{"line":68,"column":8},"end":{"line":68,"column":81}},"17":{"start":{"line":70,"column":8},"end":{"line":70,"column":19}},"18":{"start":{"line":74,"column":8},"end":{"line":74,"column":42}},"19":{"start":{"line":75,"column":8},"end":{"line":75,"column":60}},"20":{"start":{"line":78,"column":8},"end":{"line":78,"column":42}},"21":{"start":{"line":82,"column":8},"end":{"line":82,"column":42}},"22":{"start":{"line":83,"column":8},"end":{"line":83,"column":60}},"23":{"start":{"line":86,"column":8},"end":{"line":86,"column":44}},"24":{"start":{"line":89,"column":104},"end":{"line":89,"column":142}},"25":{"start":{"line":90,"column":109},"end":{"line":90,"column":151}},"26":{"start":{"line":93,"column":8},"end":{"line":93,"column":71}},"27":{"start":{"line":95,"column":8},"end":{"line":95,"column":49}},"28":{"start":{"line":96,"column":8},"end":{"line":96,"column":52}},"29":{"start":{"line":98,"column":8},"end":{"line":98,"column":69}},"30":{"start":{"line":99,"column":8},"end":{"line":99,"column":75}},"31":{"start":{"line":101,"column":8},"end":{"line":101,"column":103}},"32":{"start":{"line":104,"column":93},"end":{"line":104,"column":123}}},"branchMap":{"1":{"line":39,"type":"if","locations":[{"start":{"line":39,"column":77},"end":{"line":39,"column":77}},{"start":{"line":39,"column":77},"end":{"line":39,"column":77}}]},"2":{"line":46,"type":"if","locations":[{"start":{"line":46,"column":113},"end":{"line":46,"column":113}},{"start":{"line":46,"column":113},"end":{"line":46,"column":113}}]},"3":{"line":47,"type":"if","locations":[{"start":{"line":47,"column":8},"end":{"line":47,"column":8}},{"start":{"line":47,"column":8},"end":{"line":47,"column":8}}]},"4":{"line":48,"type":"if","locations":[{"start":{"line":48,"column":8},"end":{"line":48,"column":8}},{"start":{"line":48,"column":8},"end":{"line":48,"column":8}}]},"5":{"line":49,"type":"if","locations":[{"start":{"line":49,"column":8},"end":{"line":49,"column":8}},{"start":{"line":49,"column":8},"end":{"line":49,"column":8}}]},"6":{"line":50,"type":"if","locations":[{"start":{"line":50,"column":8},"end":{"line":50,"column":8}},{"start":{"line":50,"column":8},"end":{"line":50,"column":8}}]},"7":{"line":53,"type":"if","locations":[{"start":{"line":53,"column":8},"end":{"line":53,"column":8}},{"start":{"line":53,"column":8},"end":{"line":53,"column":8}}]},"8":{"line":61,"type":"if","locations":[{"start":{"line":61,"column":8},"end":{"line":61,"column":8}},{"start":{"line":61,"column":8},"end":{"line":61,"column":8}}]},"9":{"line":62,"type":"if","locations":[{"start":{"line":62,"column":8},"end":{"line":62,"column":8}},{"start":{"line":62,"column":8},"end":{"line":62,"column":8}}]},"10":{"line":73,"type":"if","locations":[{"start":{"line":73,"column":76},"end":{"line":73,"column":76}},{"start":{"line":73,"column":76},"end":{"line":73,"column":76}}]},"11":{"line":74,"type":"if","locations":[{"start":{"line":74,"column":8},"end":{"line":74,"column":8}},{"start":{"line":74,"column":8},"end":{"line":74,"column":8}}]},"12":{"line":75,"type":"if","locations":[{"start":{"line":75,"column":8},"end":{"line":75,"column":8}},{"start":{"line":75,"column":8},"end":{"line":75,"column":8}}]},"13":{"line":81,"type":"if","locations":[{"start":{"line":81,"column":78},"end":{"line":81,"column":78}},{"start":{"line":81,"column":78},"end":{"line":81,"column":78}}]},"14":{"line":82,"type":"if","locations":[{"start":{"line":82,"column":8},"end":{"line":82,"column":8}},{"start":{"line":82,"column":8},"end":{"line":82,"column":8}}]},"15":{"line":83,"type":"if","locations":[{"start":{"line":83,"column":8},"end":{"line":83,"column":8}},{"start":{"line":83,"column":8},"end":{"line":83,"column":8}}]},"16":{"line":93,"type":"if","locations":[{"start":{"line":93,"column":8},"end":{"line":93,"column":8}},{"start":{"line":93,"column":8},"end":{"line":93,"column":8}}]},"17":{"line":105,"type":"if","locations":[{"start":{"line":105,"column":76},"end":{"line":105,"column":76}},{"start":{"line":105,"column":76},"end":{"line":105,"column":76}}]}}},"Contracts\\RebalancingExecutor.sol":{"l":{"44":1,"45":1,"47":1,"51":21,"52":21,"53":20,"54":19,"56":18,"57":18,"59":18,"60":18,"62":18,"66":2,"68":2,"69":2,"70":2,"72":2,"76":7,"77":6,"78":6,"80":5,"81":5,"83":5,"84":5,"86":5,"87":5,"89":4,"91":4,"93":4,"97":3,"98":2,"100":1,"102":1,"106":1,"108":1,"109":1},"path":"D:\\Compensation-chamber\\Contracts\\RebalancingExecutor.sol","s":{"1":1,"2":1,"3":1,"4":21,"5":21,"6":20,"7":19,"8":18,"9":18,"10":2,"11":2,"12":7,"13":6,"14":6,"15":5,"16":5,"17":5,"18":5,"19":5,"20":5,"21":4,"22":4,"23":3,"24":2,"25":1,"26":1,"27":1,"28":1,"29":1,"30":1,"31":1},"b":{"1":[1,0],"2":[21,0],"3":[21,0],"4":[20,1],"5":[19,1],"6":[18,1],"7":[2,0],"8":[2,0],"9":[7,0],"10":[6,1],"11":[6,0],"12":[5,1],"13":[5,0],"14":[5,0],"15":[4,1],"16":[3,0],"17":[2,1],"18":[1,1],"19":[1,0],"20":[0,0]},"f":{"1":1,"2":1,"3":21,"4":2,"5":7,"6":3,"7":1,"8":1,"9":1,"10":1,"11":0},"fnMap":{"1":{"name":"constructor","line":41,"loc":{"start":{"line":41,"column":4},"end":{"line":41,"column":42}}},"2":{"name":"initialize","line":43,"loc":{"start":{"line":43,"column":4},"end":{"line":48,"column":4}}},"3":{"name":"addCountryWallet","line":50,"loc":{"start":{"line":50,"column":4},"end":{"line":63,"column":4}}},"4":{"name":"removeCountryWallet","line":65,"loc":{"start":{"line":65,"column":4},"end":{"line":73,"column":4}}},"5":{"name":"executeRebalance","line":75,"loc":{"start":{"line":75,"column":4},"end":{"line":94,"column":4}}},"6":{"name":"setRebalanceSchedule","line":96,"loc":{"start":{"line":96,"column":4},"end":{"line":103,"column":4}}},"7":{"name":"canRebalance","line":105,"loc":{"start":{"line":105,"column":4},"end":{"line":110,"column":4}}},"8":{"name":"getAllCountries","line":112,"loc":{"start":{"line":112,"column":4},"end":{"line":112,"column":92}}},"9":{"name":"getCountryWallet","line":113,"loc":{"start":{"line":113,"column":4},"end":{"line":113,"column":132}}},"10":{"name":"getRebalanceSchedule","line":114,"loc":{"start":{"line":114,"column":4},"end":{"line":114,"column":144}}},"11":{"name":"_authorizeUpgrade","line":115,"loc":{"start":{"line":115,"column":4},"end":{"line":115,"column":87}}}},"statementMap":{"1":{"start":{"line":41,"column":19},"end":{"line":41,"column":40}},"2":{"start":{"line":44,"column":8},"end":{"line":44,"column":28}},"3":{"start":{"line":45,"column":8},"end":{"line":45,"column":28}},"4":{"start":{"line":51,"column":8},"end":{"line":51,"column":60}},"5":{"start":{"line":52,"column":8},"end":{"line":52,"column":61}},"6":{"start":{"line":53,"column":8},"end":{"line":53,"column":59}},"7":{"start":{"line":54,"column":8},"end":{"line":54,"column":65}},"8":{"start":{"line":59,"column":8},"end":{"line":59,"column":33}},"9":{"start":{"line":62,"column":8},"end":{"line":62,"column":70}},"10":{"start":{"line":66,"column":8},"end":{"line":66,"column":59}},"11":{"start":{"line":72,"column":8},"end":{"line":72,"column":42}},"12":{"start":{"line":76,"column":8},"end":{"line":76,"column":72}},"13":{"start":{"line":77,"column":8},"end":{"line":77,"column":72}},"14":{"start":{"line":78,"column":8},"end":{"line":78,"column":44}},"15":{"start":{"line":80,"column":8},"end":{"line":80,"column":74}},"16":{"start":{"line":81,"column":8},"end":{"line":81,"column":74}},"17":{"start":{"line":83,"column":8},"end":{"line":83,"column":61}},"18":{"start":{"line":84,"column":8},"end":{"line":84,"column":61}},"19":{"start":{"line":86,"column":8},"end":{"line":86,"column":78}},"20":{"start":{"line":87,"column":8},"end":{"line":87,"column":122}},"21":{"start":{"line":91,"column":8},"end":{"line":91,"column":85}},"22":{"start":{"line":93,"column":8},"end":{"line":93,"column":19}},"23":{"start":{"line":97,"column":8},"end":{"line":97,"column":59}},"24":{"start":{"line":98,"column":8},"end":{"line":98,"column":57}},"25":{"start":{"line":102,"column":8},"end":{"line":102,"column":60}},"26":{"start":{"line":106,"column":8},"end":{"line":106,"column":59}},"27":{"start":{"line":108,"column":8},"end":{"line":108,"column":72}},"28":{"start":{"line":109,"column":8},"end":{"line":109,"column":95}},"29":{"start":{"line":112,"column":72},"end":{"line":112,"column":91}},"30":{"start":{"line":113,"column":101},"end":{"line":113,"column":131}},"31":{"start":{"line":114,"column":109},"end":{"line":114,"column":143}}},"branchMap":{"1":{"line":43,"type":"if","locations":[{"start":{"line":43,"column":77},"end":{"line":43,"column":77}},{"start":{"line":43,"column":77},"end":{"line":43,"column":77}}]},"2":{"line":50,"type":"if","locations":[{"start":{"line":50,"column":110},"end":{"line":50,"column":110}},{"start":{"line":50,"column":110},"end":{"line":50,"column":110}}]},"3":{"line":51,"type":"if","locations":[{"start":{"line":51,"column":8},"end":{"line":51,"column":8}},{"start":{"line":51,"column":8},"end":{"line":51,"column":8}}]},"4":{"line":52,"type":"if","locations":[{"start":{"line":52,"column":8},"end":{"line":52,"column":8}},{"start":{"line":52,"column":8},"end":{"line":52,"column":8}}]},"5":{"line":53,"type":"if","locations":[{"start":{"line":53,"column":8},"end":{"line":53,"column":8}},{"start":{"line":53,"column":8},"end":{"line":53,"column":8}}]},"6":{"line":54,"type":"if","locations":[{"start":{"line":54,"column":8},"end":{"line":54,"column":8}},{"start":{"line":54,"column":8},"end":{"line":54,"column":8}}]},"7":{"line":65,"type":"if","locations":[{"start":{"line":65,"column":67},"end":{"line":65,"column":67}},{"start":{"line":65,"column":67},"end":{"line":65,"column":67}}]},"8":{"line":66,"type":"if","locations":[{"start":{"line":66,"column":8},"end":{"line":66,"column":8}},{"start":{"line":66,"column":8},"end":{"line":66,"column":8}}]},"9":{"line":75,"type":"if","locations":[{"start":{"line":75,"column":126},"end":{"line":75,"column":126}},{"start":{"line":75,"column":126},"end":{"line":75,"column":126}}]},"10":{"line":76,"type":"if","locations":[{"start":{"line":76,"column":8},"end":{"line":76,"column":8}},{"start":{"line":76,"column":8},"end":{"line":76,"column":8}}]},"11":{"line":77,"type":"if","locations":[{"start":{"line":77,"column":8},"end":{"line":77,"column":8}},{"start":{"line":77,"column":8},"end":{"line":77,"column":8}}]},"12":{"line":78,"type":"if","locations":[{"start":{"line":78,"column":8},"end":{"line":78,"column":8}},{"start":{"line":78,"column":8},"end":{"line":78,"column":8}}]},"13":{"line":83,"type":"if","locations":[{"start":{"line":83,"column":8},"end":{"line":83,"column":8}},{"start":{"line":83,"column":8},"end":{"line":83,"column":8}}]},"14":{"line":84,"type":"if","locations":[{"start":{"line":84,"column":8},"end":{"line":84,"column":8}},{"start":{"line":84,"column":8},"end":{"line":84,"column":8}}]},"15":{"line":87,"type":"if","locations":[{"start":{"line":87,"column":8},"end":{"line":87,"column":8}},{"start":{"line":87,"column":8},"end":{"line":87,"column":8}}]},"16":{"line":96,"type":"if","locations":[{"start":{"line":96,"column":94},"end":{"line":96,"column":94}},{"start":{"line":96,"column":94},"end":{"line":96,"column":94}}]},"17":{"line":97,"type":"if","locations":[{"start":{"line":97,"column":8},"end":{"line":97,"column":8}},{"start":{"line":97,"column":8},"end":{"line":97,"column":8}}]},"18":{"line":98,"type":"if","locations":[{"start":{"line":98,"column":8},"end":{"line":98,"column":8}},{"start":{"line":98,"column":8},"end":{"line":98,"column":8}}]},"19":{"line":106,"type":"if","locations":[{"start":{"line":106,"column":8},"end":{"line":106,"column":8}},{"start":{"line":106,"column":8},"end":{"line":106,"column":8}}]},"20":{"line":115,"type":"if","locations":[{"start":{"line":115,"column":76},"end":{"line":115,"column":76}},{"start":{"line":115,"column":76},"end":{"line":115,"column":76}}]}}},"Contracts\\StakingExecutor.sol":{"l":{"39":1,"40":1,"42":1,"43":1,"47":11,"48":10,"49":9,"50":8,"52":8,"53":8,"54":8,"55":8,"57":8,"59":8,"63":5,"65":5,"66":4,"67":3,"69":2,"71":2,"73":2,"77":3,"78":2,"80":1,"82":1,"90":2,"91":2,"95":2,"96":2,"97":1},"path":"D:\\Compensation-chamber\\Contracts\\StakingExecutor.sol","s":{"1":1,"2":1,"3":1,"4":11,"5":10,"6":9,"7":8,"8":8,"9":8,"10":8,"11":8,"12":8,"13":5,"14":5,"15":4,"16":3,"17":2,"18":2,"19":3,"20":2,"21":1,"22":1,"23":1,"24":1,"25":2,"26":2,"27":2,"28":2,"29":1,"30":1},"b":{"1":[1,0],"2":[11,1],"3":[10,1],"4":[9,1],"5":[8,1],"6":[8,0],"7":[5,0],"8":[4,1],"9":[3,1],"10":[2,1],"11":[3,0],"12":[2,1],"13":[1,1],"14":[1,1],"15":[0,1],"16":[0,0]},"f":{"1":1,"2":1,"3":11,"4":5,"5":3,"6":1,"7":1,"8":1,"9":2,"10":2,"11":0},"fnMap":{"1":{"name":"constructor","line":36,"loc":{"start":{"line":36,"column":4},"end":{"line":36,"column":42}}},"2":{"name":"initialize","line":38,"loc":{"start":{"line":38,"column":4},"end":{"line":44,"column":4}}},"3":{"name":"executeStaking","line":46,"loc":{"start":{"line":46,"column":4},"end":{"line":60,"column":4}}},"4":{"name":"executeUnstaking","line":62,"loc":{"start":{"line":62,"column":4},"end":{"line":74,"column":4}}},"5":{"name":"setCountryAllocation","line":76,"loc":{"start":{"line":76,"column":4},"end":{"line":83,"column":4}}},"6":{"name":"getStakingPosition","line":85,"loc":{"start":{"line":85,"column":4},"end":{"line":85,"column":135}}},"7":{"name":"getStakerPositions","line":86,"loc":{"start":{"line":86,"column":4},"end":{"line":86,"column":121}}},"8":{"name":"getCountryAllocation","line":87,"loc":{"start":{"line":87,"column":4},"end":{"line":87,"column":132}}},"9":{"name":"isPositionLocked","line":89,"loc":{"start":{"line":89,"column":4},"end":{"line":92,"column":4}}},"10":{"name":"timeUntilUnlock","line":94,"loc":{"start":{"line":94,"column":4},"end":{"line":98,"column":4}}},"11":{"name":"_authorizeUpgrade","line":100,"loc":{"start":{"line":100,"column":4},"end":{"line":100,"column":87}}}},"statementMap":{"1":{"start":{"line":36,"column":19},"end":{"line":36,"column":40}},"2":{"start":{"line":39,"column":8},"end":{"line":39,"column":28}},"3":{"start":{"line":40,"column":8},"end":{"line":40,"column":28}},"4":{"start":{"line":47,"column":8},"end":{"line":47,"column":44}},"5":{"start":{"line":48,"column":8},"end":{"line":48,"column":60}},"6":{"start":{"line":49,"column":8},"end":{"line":49,"column":64}},"7":{"start":{"line":50,"column":8},"end":{"line":50,"column":94}},"8":{"start":{"line":52,"column":8},"end":{"line":52,"column":96}},"9":{"start":{"line":53,"column":8},"end":{"line":53,"column":66}},"10":{"start":{"line":55,"column":8},"end":{"line":55,"column":51}},"11":{"start":{"line":57,"column":8},"end":{"line":57,"column":81}},"12":{"start":{"line":59,"column":8},"end":{"line":59,"column":25}},"13":{"start":{"line":63,"column":8},"end":{"line":63,"column":71}},"14":{"start":{"line":65,"column":8},"end":{"line":65,"column":71}},"15":{"start":{"line":66,"column":8},"end":{"line":66,"column":54}},"16":{"start":{"line":67,"column":8},"end":{"line":67,"column":73}},"17":{"start":{"line":71,"column":8},"end":{"line":71,"column":76}},"18":{"start":{"line":73,"column":8},"end":{"line":73,"column":19}},"19":{"start":{"line":77,"column":8},"end":{"line":77,"column":60}},"20":{"start":{"line":78,"column":8},"end":{"line":78,"column":62}},"21":{"start":{"line":82,"column":8},"end":{"line":82,"column":61}},"22":{"start":{"line":85,"column":99},"end":{"line":85,"column":134}},"23":{"start":{"line":86,"column":90},"end":{"line":86,"column":120}},"24":{"start":{"line":87,"column":91},"end":{"line":87,"column":131}},"25":{"start":{"line":90,"column":8},"end":{"line":90,"column":71}},"26":{"start":{"line":91,"column":8},"end":{"line":91,"column":71}},"27":{"start":{"line":95,"column":8},"end":{"line":95,"column":71}},"28":{"start":{"line":96,"column":8},"end":{"line":96,"column":82}},"29":{"start":{"line":96,"column":73},"end":{"line":96,"column":81}},"30":{"start":{"line":97,"column":8},"end":{"line":97,"column":52}}},"branchMap":{"1":{"line":38,"type":"if","locations":[{"start":{"line":38,"column":99},"end":{"line":38,"column":99}},{"start":{"line":38,"column":99},"end":{"line":38,"column":99}}]},"2":{"line":46,"type":"if","locations":[{"start":{"line":46,"column":124},"end":{"line":46,"column":124}},{"start":{"line":46,"column":124},"end":{"line":46,"column":124}}]},"3":{"line":47,"type":"if","locations":[{"start":{"line":47,"column":8},"end":{"line":47,"column":8}},{"start":{"line":47,"column":8},"end":{"line":47,"column":8}}]},"4":{"line":48,"type":"if","locations":[{"start":{"line":48,"column":8},"end":{"line":48,"column":8}},{"start":{"line":48,"column":8},"end":{"line":48,"column":8}}]},"5":{"line":49,"type":"if","locations":[{"start":{"line":49,"column":8},"end":{"line":49,"column":8}},{"start":{"line":49,"column":8},"end":{"line":49,"column":8}}]},"6":{"line":50,"type":"if","locations":[{"start":{"line":50,"column":8},"end":{"line":50,"column":8}},{"start":{"line":50,"column":8},"end":{"line":50,"column":8}}]},"7":{"line":62,"type":"if","locations":[{"start":{"line":62,"column":59},"end":{"line":62,"column":59}},{"start":{"line":62,"column":59},"end":{"line":62,"column":59}}]},"8":{"line":65,"type":"if","locations":[{"start":{"line":65,"column":8},"end":{"line":65,"column":8}},{"start":{"line":65,"column":8},"end":{"line":65,"column":8}}]},"9":{"line":66,"type":"if","locations":[{"start":{"line":66,"column":8},"end":{"line":66,"column":8}},{"start":{"line":66,"column":8},"end":{"line":66,"column":8}}]},"10":{"line":67,"type":"if","locations":[{"start":{"line":67,"column":8},"end":{"line":67,"column":8}},{"start":{"line":67,"column":8},"end":{"line":67,"column":8}}]},"11":{"line":76,"type":"if","locations":[{"start":{"line":76,"column":95},"end":{"line":76,"column":95}},{"start":{"line":76,"column":95},"end":{"line":76,"column":95}}]},"12":{"line":77,"type":"if","locations":[{"start":{"line":77,"column":8},"end":{"line":77,"column":8}},{"start":{"line":77,"column":8},"end":{"line":77,"column":8}}]},"13":{"line":78,"type":"if","locations":[{"start":{"line":78,"column":8},"end":{"line":78,"column":8}},{"start":{"line":78,"column":8},"end":{"line":78,"column":8}}]},"14":{"line":96,"type":"if","locations":[{"start":{"line":96,"column":8},"end":{"line":96,"column":8}},{"start":{"line":96,"column":8},"end":{"line":96,"column":8}}]},"15":{"line":96,"type":"cond-expr","locations":[{"start":{"line":96,"column":12},"end":{"line":96,"column":27}},{"start":{"line":96,"column":32},"end":{"line":96,"column":69}}]},"16":{"line":100,"type":"if","locations":[{"start":{"line":100,"column":76},"end":{"line":100,"column":76}},{"start":{"line":100,"column":76},"end":{"line":100,"column":76}}]}}},"Contracts\\TreasuryController.sol":{"l":{"62":1,"63":1,"65":1,"66":1,"68":1,"69":1,"70":1,"74":16,"75":15,"76":14,"77":13,"79":12,"80":12,"82":12,"84":12,"85":12,"87":11,"89":9,"90":9,"92":9,"93":9,"95":9,"96":3,"97":1,"99":1,"101":1,"102":1,"105":6,"106":6,"108":6,"112":19,"113":18,"114":18,"118":1,"119":1,"123":17,"124":16,"128":2,"129":2,"133":1,"134":1,"138":2,"139":1,"145":11,"146":11,"148":11,"149":11,"150":23,"151":23,"153":22,"154":22,"155":35,"156":21,"157":21,"160":22,"161":21,"166":2,"167":2},"path":"D:\\Compensation-chamber\\Contracts\\TreasuryController.sol","s":{"1":1,"2":1,"3":1,"4":1,"5":16,"6":15,"7":14,"8":13,"9":12,"10":12,"11":12,"12":12,"13":12,"14":11,"15":9,"16":9,"17":9,"18":3,"19":1,"20":1,"21":1,"22":6,"23":6,"24":6,"25":19,"26":18,"27":1,"28":17,"29":2,"30":1,"31":2,"32":12,"33":11,"34":11,"35":11,"36":11,"37":23,"38":23,"39":22,"40":22,"41":35,"42":22,"43":2,"44":2},"b":{"1":[1,0],"2":[16,0],"3":[15,1],"4":[14,1],"5":[13,1],"6":[12,1],"7":[12,0],"8":[11,1],"9":[3,6],"10":[1,2],"11":[19,1],"12":[18,1],"13":[1,0],"14":[17,0],"15":[16,1],"16":[2,1],"17":[1,0],"18":[2,0],"19":[1,1],"20":[11,0],"21":[22,1],"22":[21,14],"23":[21,1],"24":[2,0],"25":[0,2],"26":[0,0]},"f":{"1":1,"2":1,"3":16,"4":19,"5":1,"6":17,"7":2,"8":1,"9":2,"10":12,"11":11,"12":2,"13":0},"fnMap":{"1":{"name":"constructor","line":59,"loc":{"start":{"line":59,"column":4},"end":{"line":59,"column":42}}},"2":{"name":"initialize","line":61,"loc":{"start":{"line":61,"column":4},"end":{"line":71,"column":4}}},"3":{"name":"executeOrder","line":73,"loc":{"start":{"line":73,"column":4},"end":{"line":109,"column":4}}},"4":{"name":"authorizeAgent","line":111,"loc":{"start":{"line":111,"column":4},"end":{"line":115,"column":4}}},"5":{"name":"revokeAgent","line":117,"loc":{"start":{"line":117,"column":4},"end":{"line":120,"column":4}}},"6":{"name":"addSupportedToken","line":122,"loc":{"start":{"line":122,"column":4},"end":{"line":125,"column":4}}},"7":{"name":"pause","line":127,"loc":{"start":{"line":127,"column":4},"end":{"line":130,"column":4}}},"8":{"name":"unpause","line":132,"loc":{"start":{"line":132,"column":4},"end":{"line":135,"column":4}}},"9":{"name":"setGasRefiller","line":137,"loc":{"start":{"line":137,"column":4},"end":{"line":140,"column":4}}},"10":{"name":"_getOrderHash","line":142,"loc":{"start":{"line":142,"column":4},"end":{"line":142,"column":276}}},"11":{"name":"_verifyMultisigSignatures","line":144,"loc":{"start":{"line":144,"column":4},"end":{"line":163,"column":4}}},"12":{"name":"_safeTransfer","line":165,"loc":{"start":{"line":165,"column":4},"end":{"line":168,"column":4}}},"13":{"name":"_authorizeUpgrade","line":170,"loc":{"start":{"line":170,"column":4},"end":{"line":170,"column":87}}}},"statementMap":{"1":{"start":{"line":59,"column":19},"end":{"line":59,"column":40}},"2":{"start":{"line":62,"column":8},"end":{"line":62,"column":28}},"3":{"start":{"line":63,"column":8},"end":{"line":63,"column":28}},"4":{"start":{"line":68,"column":8},"end":{"line":68,"column":23}},"5":{"start":{"line":74,"column":8},"end":{"line":74,"column":42}},"6":{"start":{"line":75,"column":8},"end":{"line":75,"column":66}},"7":{"start":{"line":76,"column":8},"end":{"line":76,"column":69}},"8":{"start":{"line":77,"column":8},"end":{"line":77,"column":65}},"9":{"start":{"line":79,"column":8},"end":{"line":79,"column":48}},"10":{"start":{"line":80,"column":8},"end":{"line":80,"column":75}},"11":{"start":{"line":82,"column":8},"end":{"line":82,"column":66}},"12":{"start":{"line":84,"column":8},"end":{"line":84,"column":92}},"13":{"start":{"line":85,"column":8},"end":{"line":85,"column":76}},"14":{"start":{"line":87,"column":8},"end":{"line":87,"column":55}},"15":{"start":{"line":92,"column":8},"end":{"line":92,"column":47}},"16":{"start":{"line":93,"column":8},"end":{"line":93,"column":46}},"17":{"start":{"line":95,"column":8},"end":{"line":95,"column":4014}},"18":{"start":{"line":96,"column":12},"end":{"line":96,"column":109}},"19":{"start":{"line":99,"column":12},"end":{"line":99,"column":65}},"20":{"start":{"line":101,"column":12},"end":{"line":101,"column":55}},"21":{"start":{"line":102,"column":12},"end":{"line":102,"column":66}},"22":{"start":{"line":105,"column":8},"end":{"line":105,"column":88}},"23":{"start":{"line":106,"column":8},"end":{"line":106,"column":43}},"24":{"start":{"line":108,"column":8},"end":{"line":108,"column":22}},"25":{"start":{"line":112,"column":8},"end":{"line":112,"column":52}},"26":{"start":{"line":114,"column":8},"end":{"line":114,"column":35}},"27":{"start":{"line":119,"column":8},"end":{"line":119,"column":32}},"28":{"start":{"line":123,"column":8},"end":{"line":123,"column":52}},"29":{"start":{"line":129,"column":8},"end":{"line":129,"column":21}},"30":{"start":{"line":134,"column":8},"end":{"line":134,"column":23}},"31":{"start":{"line":138,"column":8},"end":{"line":138,"column":62}},"32":{"start":{"line":142,"column":82},"end":{"line":142,"column":275}},"33":{"start":{"line":145,"column":8},"end":{"line":145,"column":83}},"34":{"start":{"line":146,"column":8},"end":{"line":146,"column":83}},"35":{"start":{"line":148,"column":8},"end":{"line":148,"column":39}},"36":{"start":{"line":149,"column":8},"end":{"line":149,"column":6224}},"37":{"start":{"line":150,"column":12},"end":{"line":150,"column":68}},"38":{"start":{"line":151,"column":12},"end":{"line":151,"column":66}},"39":{"start":{"line":153,"column":12},"end":{"line":153,"column":33}},"40":{"start":{"line":154,"column":12},"end":{"line":154,"column":6498}},"41":{"start":{"line":155,"column":16},"end":{"line":155,"column":6575}},"42":{"start":{"line":160,"column":12},"end":{"line":160,"column":46}},"43":{"start":{"line":166,"column":8},"end":{"line":166,"column":120}},"44":{"start":{"line":167,"column":8},"end":{"line":167,"column":92}}},"branchMap":{"1":{"line":61,"type":"if","locations":[{"start":{"line":61,"column":98},"end":{"line":61,"column":98}},{"start":{"line":61,"column":98},"end":{"line":61,"column":98}}]},"2":{"line":73,"type":"if","locations":[{"start":{"line":73,"column":86},"end":{"line":73,"column":86}},{"start":{"line":73,"column":86},"end":{"line":73,"column":86}}]},"3":{"line":74,"type":"if","locations":[{"start":{"line":74,"column":8},"end":{"line":74,"column":8}},{"start":{"line":74,"column":8},"end":{"line":74,"column":8}}]},"4":{"line":75,"type":"if","locations":[{"start":{"line":75,"column":8},"end":{"line":75,"column":8}},{"start":{"line":75,"column":8},"end":{"line":75,"column":8}}]},"5":{"line":76,"type":"if","locations":[{"start":{"line":76,"column":8},"end":{"line":76,"column":8}},{"start":{"line":76,"column":8},"end":{"line":76,"column":8}}]},"6":{"line":77,"type":"if","locations":[{"start":{"line":77,"column":8},"end":{"line":77,"column":8}},{"start":{"line":77,"column":8},"end":{"line":77,"column":8}}]},"7":{"line":82,"type":"if","locations":[{"start":{"line":82,"column":8},"end":{"line":82,"column":8}},{"start":{"line":82,"column":8},"end":{"line":82,"column":8}}]},"8":{"line":85,"type":"if","locations":[{"start":{"line":85,"column":8},"end":{"line":85,"column":8}},{"start":{"line":85,"column":8},"end":{"line":85,"column":8}}]},"9":{"line":95,"type":"if","locations":[{"start":{"line":95,"column":8},"end":{"line":95,"column":8}},{"start":{"line":95,"column":8},"end":{"line":95,"column":8}}]},"10":{"line":96,"type":"if","locations":[{"start":{"line":96,"column":12},"end":{"line":96,"column":12}},{"start":{"line":96,"column":12},"end":{"line":96,"column":12}}]},"11":{"line":111,"type":"if","locations":[{"start":{"line":111,"column":52},"end":{"line":111,"column":52}},{"start":{"line":111,"column":52},"end":{"line":111,"column":52}}]},"12":{"line":112,"type":"if","locations":[{"start":{"line":112,"column":8},"end":{"line":112,"column":8}},{"start":{"line":112,"column":8},"end":{"line":112,"column":8}}]},"13":{"line":117,"type":"if","locations":[{"start":{"line":117,"column":49},"end":{"line":117,"column":49}},{"start":{"line":117,"column":49},"end":{"line":117,"column":49}}]},"14":{"line":122,"type":"if","locations":[{"start":{"line":122,"column":55},"end":{"line":122,"column":55}},{"start":{"line":122,"column":55},"end":{"line":122,"column":55}}]},"15":{"line":123,"type":"if","locations":[{"start":{"line":123,"column":8},"end":{"line":123,"column":8}},{"start":{"line":123,"column":8},"end":{"line":123,"column":8}}]},"16":{"line":127,"type":"if","locations":[{"start":{"line":127,"column":30},"end":{"line":127,"column":30}},{"start":{"line":127,"column":30},"end":{"line":127,"column":30}}]},"17":{"line":132,"type":"if","locations":[{"start":{"line":132,"column":32},"end":{"line":132,"column":32}},{"start":{"line":132,"column":32},"end":{"line":132,"column":32}}]},"18":{"line":137,"type":"if","locations":[{"start":{"line":137,"column":59},"end":{"line":137,"column":59}},{"start":{"line":137,"column":59},"end":{"line":137,"column":59}}]},"19":{"line":138,"type":"if","locations":[{"start":{"line":138,"column":8},"end":{"line":138,"column":8}},{"start":{"line":138,"column":8},"end":{"line":138,"column":8}}]},"20":{"line":146,"type":"if","locations":[{"start":{"line":146,"column":8},"end":{"line":146,"column":8}},{"start":{"line":146,"column":8},"end":{"line":146,"column":8}}]},"21":{"line":151,"type":"if","locations":[{"start":{"line":151,"column":12},"end":{"line":151,"column":12}},{"start":{"line":151,"column":12},"end":{"line":151,"column":12}}]},"22":{"line":155,"type":"if","locations":[{"start":{"line":155,"column":16},"end":{"line":155,"column":16}},{"start":{"line":155,"column":16},"end":{"line":155,"column":16}}]},"23":{"line":160,"type":"if","locations":[{"start":{"line":160,"column":12},"end":{"line":160,"column":12}},{"start":{"line":160,"column":12},"end":{"line":160,"column":12}}]},"24":{"line":167,"type":"if","locations":[{"start":{"line":167,"column":8},"end":{"line":167,"column":8}},{"start":{"line":167,"column":8},"end":{"line":167,"column":8}}]},"25":{"line":167,"type":"cond-expr","locations":[{"start":{"line":167,"column":28},"end":{"line":167,"column":43}},{"start":{"line":167,"column":48},"end":{"line":167,"column":71}}]},"26":{"line":170,"type":"if","locations":[{"start":{"line":170,"column":76},"end":{"line":170,"column":76}},{"start":{"line":170,"column":76},"end":{"line":170,"column":76}}]}}},"Contracts\\TreasuryDeploymentFactory.sol":{"l":{"87":32,"88":32,"89":30,"90":28,"91":26,"92":24,"94":23,"95":23,"97":23,"99":23,"103":7,"104":6,"106":6,"107":6,"111":12,"112":12,"113":12,"114":10,"115":9,"117":7,"118":15,"119":14,"122":4,"123":4,"125":4,"126":4,"130":3,"131":2,"132":2,"133":2,"135":1,"136":1,"137":1,"138":1,"139":1,"140":1,"141":1,"142":1,"143":1,"145":1,"146":1,"148":1,"150":1,"162":4,"163":2,"169":2,"170":2,"171":2,"172":2,"173":2,"174":2,"175":2,"176":2,"177":2,"178":2,"182":28,"183":28,"184":28},"path":"D:\\Compensation-chamber\\Contracts\\TreasuryDeploymentFactory.sol","s":{"1":32,"2":32,"3":30,"4":28,"5":26,"6":24,"7":23,"8":23,"9":23,"10":7,"11":6,"12":6,"13":6,"14":12,"15":12,"16":12,"17":10,"18":9,"19":7,"20":15,"21":14,"22":16,"23":4,"24":4,"25":4,"26":4,"27":3,"28":2,"29":2,"30":2,"31":1,"32":1,"33":1,"34":1,"35":1,"36":1,"37":1,"38":1,"39":1,"40":1,"41":1,"42":1,"43":2,"44":17,"45":6,"46":3,"47":2,"48":2,"49":2,"50":4,"51":2,"52":2,"53":2,"54":2,"55":2,"56":2,"57":2,"58":2,"59":2,"60":2,"61":28,"62":28,"63":34},"b":{"1":[32,1],"2":[32,0],"3":[32,0],"4":[30,2],"5":[28,2],"6":[26,2],"7":[24,2],"8":[23,1],"9":[7,0],"10":[7,0],"11":[6,1],"12":[6,0],"13":[12,0]
[...]
:8,"13":0,"14":24,"15":24,"16":0,"17":38,"18":0,"19":23,"20":0,"21":0,"22":0,"23":1,"24":0,"25":0},"fnMap":{"1":{"name":"constructor","line":72,"loc":{"start":{"line":72,"column":4},"end":{"line":72,"column":42}}},"2":{"name":"initialize","line":74,"loc":{"start":{"line":74,"column":4},"end":{"line":81,"column":4}}},"3":{"name":"proposeWithSeverity","line":87,"loc":{"start":{"line":87,"column":4},"end":{"line":98,"column":4}}},"4":{"name":"castVote","line":100,"loc":{"start":{"line":100,"column":4},"end":{"line":104,"column":4}}},"5":{"name":"castVoteWithReason","line":106,"loc":{"start":{"line":106,"column":4},"end":{"line":110,"column":4}}},"6":{"name":"executeProposal","line":112,"loc":{"start":{"line":112,"column":4},"end":{"line":124,"column":4}}},"7":{"name":"_checkThresholdReached","line":130,"loc":{"start":{"line":130,"column":4},"end":{"line":138,"column":4}}},"8":{"name":"_onThresholdReached","line":140,"loc":{"start":{"line":140,"column":4},"end":{"line":150,"column":4}}},"9":{"name":"_getCooldownDuration","line":152,"loc":{"start":{"line":152,"column":4},"end":{"line":158,"column":4}}},"10":{"name":"getProposalState","line":164,"loc":{"start":{"line":164,"column":4},"end":{"line":164,"column":139}}},"11":{"name":"isReadyForExecution","line":166,"loc":{"start":{"line":166,"column":4},"end":{"line":169,"column":4}}},"12":{"name":"timeUntilExecutable","line":171,"loc":{"start":{"line":171,"column":4},"end":{"line":177,"column":4}}},"13":{"name":"cancelProposal","line":179,"loc":{"start":{"line":179,"column":4},"end":{"line":183,"column":4}}},"14":{"name":"votingDelay","line":189,"loc":{"start":{"line":189,"column":4},"end":{"line":189,"column":144}}},"15":{"name":"votingPeriod","line":190,"loc":{"start":{"line":190,"column":4},"end":{"line":190,"column":146}}},"16":{"name":"quorum","line":191,"loc":{"start":{"line":191,"column":4},"end":{"line":191,"column":175}}},"17":{"name":"state","line":192,"loc":{"start":{"line":192,"column":4},"end":{"line":192,"column":173}}},"18":{"name":"proposalNeedsQueuing","line":193,"loc":{"start":{"line":193,"column":4},"end":{"line":193,"column":194}}},"19":{"name":"proposalThreshold","line":194,"loc":{"start":{"line":194,"column":4},"end":{"line":194,"column":156}}},"20":{"name":"_queueOperations","line":195,"loc":{"start":{"line":195,"column":4},"end":{"line":195,"column":332}}},"21":{"name":"_executeOperations","line":196,"loc":{"start":{"line":196,"column":4},"end":{"line":196,"column":312}}},"22":{"name":"_cancel","line":197,"loc":{"start":{"line":197,"column":4},"end":{"line":197,"column":283}}},"23":{"name":"_executor","line":198,"loc":{"start":{"line":198,"column":4},"end":{"line":198,"column":149}}},"24":{"name":"supportsInterface","line":199,"loc":{"start":{"line":199,"column":4},"end":{"line":199,"column":153}}},"25":{"name":"_authorizeUpgrade","line":200,"loc":{"start":{"line":200,"column":4},"end":{"line":200,"column":92}}}},"statementMap":{"1":{"start":{"line":72,"column":19},"end":{"line":72,"column":40}},"2":{"start":{"line":75,"column":8},"end":{"line":75,"column":43}},"3":{"start":{"line":76,"column":8},"end":{"line":76,"column":79}},"4":{"start":{"line":77,"column":8},"end":{"line":77,"column":38}},"5":{"start":{"line":78,"column":8},"end":{"line":78,"column":34}},"6":{"start":{"line":79,"column":8},"end":{"line":79,"column":60}},"7":{"start":{"line":80,"column":8},"end":{"line":80,"column":47}},"8":{"start":{"line":88,"column":8},"end":{"line":88,"column":77}},"9":{"start":{"line":96,"column":8},"end":{"line":96,"column":75}},"10":{"start":{"line":97,"column":8},"end":{"line":97,"column":25}},"11":{"start":{"line":101,"column":8},"end":{"line":101,"column":60}},"12":{"start":{"line":102,"column":8},"end":{"line":102,"column":92}},"13":{"start":{"line":102,"column":56},"end":{"line":102,"column":89}},"14":{"start":{"line":103,"column":8},"end":{"line":103,"column":21}},"15":{"start":{"line":107,"column":8},"end":{"line":107,"column":78}},"16":{"start":{"line":108,"column":8},"end":{"line":108,"column":92}},"17":{"start":{"line":108,"column":56},"end":{"line":108,"column":89}},"18":{"start":{"line":109,"column":8},"end":{"line":109,"column":21}},"19":{"start":{"line":113,"column":8},"end":{"line":113,"column":74}},"20":{"start":{"line":114,"column":8},"end":{"line":114,"column":60}},"21":{"start":{"line":115,"column":8},"end":{"line":115,"column":61}},"22":{"start":{"line":116,"column":8},"end":{"line":116,"column":92}},"23":{"start":{"line":119,"column":8},"end":{"line":119,"column":6343}},"24":{"start":{"line":120,"column":12},"end":{"line":120,"column":78}},"25":{"start":{"line":121,"column":12},"end":{"line":121,"column":49}},"26":{"start":{"line":123,"column":8},"end":{"line":123,"column":70}},"27":{"start":{"line":131,"column":8},"end":{"line":131,"column":98}},"28":{"start":{"line":132,"column":8},"end":{"line":132,"column":67}},"29":{"start":{"line":134,"column":8},"end":{"line":134,"column":7058}},"30":{"start":{"line":135,"column":12},"end":{"line":135,"column":65}},"31":{"start":{"line":136,"column":12},"end":{"line":136,"column":87}},"32":{"start":{"line":136,"column":54},"end":{"line":136,"column":84}},"33":{"start":{"line":141,"column":8},"end":{"line":141,"column":74}},"34":{"start":{"line":142,"column":8},"end":{"line":142,"column":65}},"35":{"start":{"line":146,"column":8},"end":{"line":146,"column":72}},"36":{"start":{"line":149,"column":8},"end":{"line":149,"column":103}},"37":{"start":{"line":153,"column":8},"end":{"line":153,"column":8055}},"38":{"start":{"line":153,"column":70},"end":{"line":153,"column":78}},"39":{"start":{"line":154,"column":13},"end":{"line":154,"column":8143}},"40":{"start":{"line":154,"column":74},"end":{"line":154,"column":89}},"41":{"start":{"line":155,"column":13},"end":{"line":155,"column":8237}},"42":{"start":{"line":155,"column":75},"end":{"line":155,"column":90}},"43":{"start":{"line":156,"column":13},"end":{"line":156,"column":89}},"44":{"start":{"line":156,"column":73},"end":{"line":156,"column":87}},"45":{"start":{"line":157,"column":8},"end":{"line":157,"column":23}},"46":{"start":{"line":164,"column":105},"end":{"line":164,"column":138}},"47":{"start":{"line":167,"column":8},"end":{"line":167,"column":74}},"48":{"start":{"line":168,"column":8},"end":{"line":168,"column":103}},"49":{"start":{"line":172,"column":8},"end":{"line":172,"column":74}},"50":{"start":{"line":173,"column":8},"end":{"line":173,"column":58}},"51":{"start":{"line":173,"column":34},"end":{"line":173,"column":58}},"52":{"start":{"line":174,"column":8},"end":{"line":174,"column":37}},"53":{"start":{"line":174,"column":29},"end":{"line":174,"column":37}},"54":{"start":{"line":175,"column":8},"end":{"line":175,"column":67}},"55":{"start":{"line":175,"column":59},"end":{"line":175,"column":67}},"56":{"start":{"line":176,"column":8},"end":{"line":176,"column":59}},"57":{"start":{"line":180,"column":8},"end":{"line":180,"column":74}},"58":{"start":{"line":181,"column":8},"end":{"line":181,"column":67}},"59":{"start":{"line":189,"column":117},"end":{"line":189,"column":143}},"60":{"start":{"line":190,"column":118},"end":{"line":190,"column":145}},"61":{"start":{"line":191,"column":142},"end":{"line":191,"column":174}},"62":{"start":{"line":192,"column":142},"end":{"line":192,"column":172}},"63":{"start":{"line":193,"column":148},"end":{"line":193,"column":193}},"64":{"start":{"line":194,"column":123},"end":{"line":194,"column":155}},"65":{"start":{"line":195,"column":245},"end":{"line":195,"column":331}},"66":{"start":{"line":196,"column":230},"end":{"line":196,"column":310}},"67":{"start":{"line":197,"column":217},"end":{"line":197,"column":282}},"68":{"start":{"line":198,"column":124},"end":{"line":198,"column":148}},"69":{"start":{"line":199,"column":109},"end":{"line":199,"column":152}}},"branchMap":{"1":{"line":74,"type":"if","locations":[{"start":{"line":74,"column":158},"end":{"line":74,"column":158}},{"start":{"line":74,"column":158},"end":{"line":74,"column":158}}]},"2":{"line":102,"type":"if","locations":[{"start":{"line":102,"column":8},"end":{"line":102,"column":8}},{"start":{"line":102,"column":8},"end":{"line":102,"column":8}}]},"3":{"line":108,"type":"if","locations":[{"start":{"line":108,"column":8},"end":{"line":108,"column":8}},{"start":{"line":108,"column":8},"end":{"line":108,"column":8}}]},"4":{"line":114,"type":"if","locations":[{"start":{"line":114,"column":8},"end":{"line":114,"column":8}},{"start":{"line":114,"column":8},"end":{"line":114,"column":8}}]},"5":{"line":115,"type":"if","locations":[{"start":{"line":115,"column":8},"end":{"line":115,"column":8}},{"start":{"line":115,"column":8},"end":{"line":115,"column":8}}]},"6":{"line":116,"type":"if","locations":[{"start":{"line":116,"column":8},"end":{"line":116,"column":8}},{"start":{"line":116,"column":8},"end":{"line":116,"column":8}}]},"7":{"line":121,"type":"if","locations":[{"start":{"line":121,"column":12},"end":{"line":121,"column":12}},{"start":{"line":121,"column":12},"end":{"line":121,"column":12}}]},"8":{"line":134,"type":"if","locations":[{"start":{"line":134,"column":8},"end":{"line":134,"column":8}},{"start":{"line":134,"column":8},"end":{"line":134,"column":8}}]},"9":{"line":136,"type":"if","locations":[{"start":{"line":136,"column":12},"end":{"line":136,"column":12}},{"start":{"line":136,"column":12},"end":{"line":136,"column":12}}]},"10":{"line":142,"type":"if","locations":[{"start":{"line":142,"column":8},"end":{"line":142,"column":8}},{"start":{"line":142,"column":8},"end":{"line":142,"column":8}}]},"11":{"line":153,"type":"if","locations":[{"start":{"line":153,"column":8},"end":{"line":153,"column":8}},{"start":{"line":153,"column":8},"end":{"line":153,"column":8}}]},"12":{"line":154,"type":"if","locations":[{"start":{"line":154,"column":13},"end":{"line":154,"column":13}},{"start":{"line":154,"column":13},"end":{"line":154,"column":13}}]},"13":{"line":155,"type":"if","locations":[{"start":{"line":155,"column":13},"end":{"line":155,"column":13}},{"start":{"line":155,"column":13},"end":{"line":155,"column":13}}]},"14":{"line":156,"type":"if","locations":[{"start":{"line":156,"column":13},"end":{"line":156,"column":13}},{"start":{"line":156,"column":13},"end":{"line":156,"column":13}}]},"15":{"line":173,"type":"if","locations":[{"start":{"line":173,"column":8},"end":{"line":173,"column":8}},{"start":{"line":173,"column":8},"end":{"line":173,"column":8}}]},"16":{"line":174,"type":"if","locations":[{"start":{"line":174,"column":8},"end":{"line":174,"column":8}},{"start":{"line":174,"column":8},"end":{"line":174,"column":8}}]},"17":{"line":175,"type":"if","locations":[{"start":{"line":175,"column":8},"end":{"line":175,"column":8}},{"start":{"line":175,"column":8},"end":{"line":175,"column":8}}]},"18":{"line":179,"type":"if","locations":[{"start":{"line":179,"column":57},"end":{"line":179,"column":57}},{"start":{"line":179,"column":57},"end":{"line":179,"column":57}}]},"19":{"line":181,"type":"if","locations":[{"start":{"line":181,"column":8},"end":{"line":181,"column":8}},{"start":{"line":181,"column":8},"end":{"line":181,"column":8}}]},"20":{"line":200,"type":"if","locations":[{"start":{"line":200,"column":76},"end":{"line":200,"column":76}},{"start":{"line":200,"column":76},"end":{"line":200,"column":76}}]}}},"Contracts\\VariableTimelockController.sol":{"l":{"30":3,"31":2,"32":1,"33":1,"35":1,"37":1,"38":1,"39":1,"40":1,"42":1,"46":11,"48":10,"49":10,"50":9,"52":9,"53":9,"54":9,"56":9,"58":9,"62":5,"64":5,"65":3,"67":3,"69":3,"70":3,"72":3,"76":1,"77":1,"78":1,"82":3,"83":2,"85":1,"86":1,"88":1,"94":8,"95":8,"102":2,"103":2,"104":1},"path":"D:\\Compensation-chamber\\Contracts\\VariableTimelockController.sol","s":{"1":3,"2":2,"3":1,"4":1,"5":1,"6":1,"7":11,"8":10,"9":10,"10":9,"11":9,"12":9,"13":9,"14":9,"15":5,"16":5,"17":3,"18":3,"19":3,"20":3,"21":1,"22":1,"23":3,"24":2,"25":1,"26":1,"27":1,"28":3,"29":8,"30":8,"31":1,"32":4,"33":2,"34":2,"35":1,"36":1},"b":{"1":[3,0],"2":[2,1],"3":[1,1],"4":[1,0],"5":[1,0],"6":[11,1],"7":[11,0],"8":[10,1],"9":[9,1],"10":[9,0],"11":[5,0],"12":[3,2],"13":[3,0],"14":[3,0],"15":[1,0],"16":[1,0],"17":[1,0],"18":[3,0],"19":[2,1],"20":[1,1],"21":[0,1],"22":[1,1],"23":[1,0]},"f":{"1":3,"2":3,"3":11,"4":5,"5":1,"6":3,"7":3,"8":8,"9":1,"10":4,"11":2,"12":3},"fnMap":{"1":{"name":"constructor","line":27,"loc":{"start":{"line":27,"column":4},"end":{"line":27,"column":39}}},"2":{"name":"initialize","line":29,"loc":{"start":{"line":29,"column":4},"end":{"line":43,"column":4}}},"3":{"name":"scheduleWithSeverity","line":45,"loc":{"start":{"line":45,"column":4},"end":{"line":59,"column":4}}},"4":{"name":"execute","line":61,"loc":{"start":{"line":61,"column":4},"end":{"line":73,"column":4}}},"5":{"name":"cancel","line":75,"loc":{"start":{"line":75,"column":4},"end":{"line":79,"column":4}}},"6":{"name":"updateActionDelay","line":81,"loc":{"start":{"line":81,"column":4},"end":{"line":89,"column":4}}},"7":{"name":"isOperationPending","line":91,"loc":{"start":{"line":91,"column":4},"end":{"line":91,"column":160}}},"8":{"name":"isOperationReady","line":93,"loc":{"start":{"line":93,"column":4},"end":{"line":96,"column":4}}},"9":{"name":"isOperationDone","line":98,"loc":{"start":{"line":98,"column":4},"end":{"line":98,"column":116}}},"10":{"name":"getDelayForActionType","line":99,"loc":{"start":{"line":99,"column":4},"end":{"line":99,"column":129}}},"11":{"name":"timeUntilReady","line":101,"loc":{"start":{"line":101,"column":4},"end":{"line":105,"column":4}}},"12":{"name":"initializer","line":107,"loc":{"start":{"line":107,"column":4},"end":{"line":107,"column":31}}}},"statementMap":{"1":{"start":{"line":30,"column":8},"end":{"line":30,"column":64}},"2":{"start":{"line":31,"column":8},"end":{"line":31,"column":66}},"3":{"start":{"line":32,"column":8},"end":{"line":32,"column":68}},"4":{"start":{"line":33,"column":8},"end":{"line":33,"column":64}},"5":{"start":{"line":35,"column":8},"end":{"line":35,"column":32}},"6":{"start":{"line":42,"column":8},"end":{"line":42,"column":94}},"7":{"start":{"line":46,"column":8},"end":{"line":46,"column":54}},"8":{"start":{"line":48,"column":8},"end":{"line":48,"column":101}},"9":{"start":{"line":49,"column":8},"end":{"line":49,"column":84}},"10":{"start":{"line":50,"column":8},"end":{"line":50,"column":77}},"11":{"start":{"line":52,"column":8},"end":{"line":52,"column":52}},"12":{"start":{"line":53,"column":8},"end":{"line":53,"column":56}},"13":{"start":{"line":56,"column":8},"end":{"line":56,"column":77}},"14":{"start":{"line":58,"column":8},"end":{"line":58,"column":26}},"15":{"start":{"line":62,"column":8},"end":{"line":62,"column":101}},"16":{"start":{"line":64,"column":8},"end":{"line":64,"column":68}},"17":{"start":{"line":65,"column":8},"end":{"line":65,"column":77}},"18":{"start":{"line":69,"column":8},"end":{"line":69,"column":58}},"19":{"start":{"line":70,"column":8},"end":{"line":70,"column":45}},"20":{"start":{"line":72,"column":8},"end":{"line":72,"column":57}},"21":{"start":{"line":76,"column":8},"end":{"line":76,"column":72}},"22":{"start":{"line":78,"column":8},"end":{"line":78,"column":44}},"23":{"start":{"line":82,"column":8},"end":{"line":82,"column":53}},"24":{"start":{"line":83,"column":8},"end":{"line":83,"column":103}},"25":{"start":{"line":83,"column":51},"end":{"line":83,"column":101}},"26":{"start":{"line":85,"column":8},"end":{"line":85,"column":55}},"27":{"start":{"line":88,"column":8},"end":{"line":88,"column":61}},"28":{"start":{"line":91,"column":81},"end":{"line":91,"column":159}},"29":{"start":{"line":94,"column":8},"end":{"line":94,"column":60}},"30":{"start":{"line":95,"column":8},"end":{"line":95,"column":95}},"31":{"start":{"line":98,"column":78},"end":{"line":98,"column":115}},"32":{"start":{"line":99,"column":93},"end":{"line":99,"column":128}},"33":{"start":{"line":102,"column":8},"end":{"line":102,"column":60}},"34":{"start":{"line":103,"column":8},"end":{"line":103,"column":68}},"35":{"start":{"line":103,"column":60},"end":{"line":103,"column":68}},"36":{"start":{"line":104,"column":8},"end":{"line":104,"column":42}}},"branchMap":{"1":{"line":29,"type":"if","locations":[{"start":{"line":29,"column":141},"end":{"line":29,"column":141}},{"start":{"line":29,"column":141},"end":{"line":29,"column":141}}]},"2":{"line":30,"type":"if","locations":[{"start":{"line":30,"column":8},"end":{"line":30,"column":8}},{"start":{"line":30,"column":8},"end":{"line":30,"column":8}}]},"3":{"line":31,"type":"if","locations":[{"start":{"line":31,"column":8},"end":{"line":31,"column":8}},{"start":{"line":31,"column":8},"end":{"line":31,"column":8}}]},"4":{"line":32,"type":"if","locations":[{"start":{"line":32,"column":8},"end":{"line":32,"column":8}},{"start":{"line":32,"column":8},"end":{"line":32,"column":8}}]},"5":{"line":33,"type":"if","locations":[{"start":{"line":33,"column":8},"end":{"line":33,"column":8}},{"start":{"line":33,"column":8},"end":{"line":33,"column":8}}]},"6":{"line":45,"type":"if","locations":[{"start":{"line":45,"column":155},"end":{"line":45,"column":155}},{"start":{"line":45,"column":155},"end":{"line":45,"column":155}}]},"7":{"line":45,"type":"if","locations":[{"start":{"line":45,"column":165},"end":{"line":45,"column":165}},{"start":{"line":45,"column":165},"end":{"line":45,"column":165}}]},"8":{"line":46,"type":"if","locations":[{"start":{"line":46,"column":8},"end":{"line":46,"column":8}},{"start":{"line":46,"column":8},"end":{"line":46,"column":8}}]},"9":{"line":49,"type":"if","locations":[{"start":{"line":49,"column":8},"end":{"line":49,"column":8}},{"start":{"line":49,"column":8},"end":{"line":49,"column":8}}]},"10":{"line":50,"type":"if","locations":[{"start":{"line":50,"column":8},"end":{"line":50,"column":8}},{"start":{"line":50,"column":8},"end":{"line":50,"column":8}}]},"11":{"line":61,"type":"if","locations":[{"start":{"line":61,"column":150},"end":{"line":61,"column":150}},{"start":{"line":61,"column":150},"end":{"line":61,"column":150}}]},"12":{"line":64,"type":"if","locations":[{"start":{"line":64,"column":8},"end":{"line":64,"column":8}},{"start":{"line":64,"column":8},"end":{"line":64,"column":8}}]},"13":{"line":65,"type":"if","locations":[{"start":{"line":65,"column":8},"end":{"line":65,"column":8}},{"start":{"line":65,"column":8},"end":{"line":65,"column":8}}]},"14":{"line":70,"type":"if","locations":[{"start":{"line":70,"column":8},"end":{"line":70,"column":8}},{"start":{"line":70,"column":8},"end":{"line":70,"column":8}}]},"15":{"line":75,"type":"if","locations":[{"start":{"line":75,"column":50},"end":{"line":75,"column":50}},{"start":{"line":75,"column":50},"end":{"line":75,"column":50}}]},"16":{"line":75,"type":"if","locations":[{"start":{"line":75,"column":60},"end":{"line":75,"column":60}},{"start":{"line":75,"column":60},"end":{"line":75,"column":60}}]},"17":{"line":76,"type":"if","locations":[{"start":{"line":76,"column":8},"end":{"line":76,"column":8}},{"start":{"line":76,"column":8},"end":{"line":76,"column":8}}]},"18":{"line":81,"type":"if","locations":[{"start":{"line":81,"column":83},"end":{"line":81,"column":83}},{"start":{"line":81,"column":83},"end":{"line":81,"column":83}}]},"19":{"line":82,"type":"if","locations":[{"start":{"line":82,"column":8},"end":{"line":82,"column":8}},{"start":{"line":82,"column":8},"end":{"line":82,"column":8}}]},"20":{"line":83,"type":"if","locations":[{"start":{"line":83,"column":8},"end":{"line":83,"column":8}},{"start":{"line":83,"column":8},"end":{"line":83,"column":8}}]},"21":{"line":83,"type":"if","locations":[{"start":{"line":83,"column":51},"end":{"line":83,"column":51}},{"start":{"line":83,"column":51},"end":{"line":83,"column":51}}]},"22":{"line":103,"type":"if","locations":[{"start":{"line":103,"column":8},"end":{"line":103,"column":8}},{"start":{"line":103,"column":8},"end":{"line":103,"column":8}}]},"23":{"line":103,"type":"cond-expr","locations":[{"start":{"line":103,"column":12},"end":{"line":103,"column":25}},{"start":{"line":103,"column":30},"end":{"line":103,"column":57}}]}}}}